{"meta": {"format": 3, "version": "7.11.0", "timestamp": "2025-11-05T23:51:55.431527", "branch_coverage": true, "show_contexts": true}, "files": {"src/vgnc_internal_orm/__init__.py": {"executed_lines": [1, 7, 8, 9, 11, 12, 14], "summary": {"covered_lines": 0, "num_statements": 0, "percent_covered": 100.0, "percent_covered_display": "100.00", "missing_lines": 0, "excluded_lines": 7, "num_branches": 0, "num_partial_branches": 0, "covered_branches": 0, "missing_branches": 0}, "missing_lines": [], "excluded_lines": [1, 7, 8, 9, 11, 12, 14], "contexts": {"1": [""], "7": [""], "8": [""], "9": [""], "11": [""], "12": [""], "15": [""], "14": [""], "16": [""]}, "executed_branches": [], "missing_branches": [], "functions": {"": {"executed_lines": [1, 7, 8, 9, 11, 12, 14], "summary": {"covered_lines": 0, "num_statements": 0, "percent_covered": 100.0, "percent_covered_display": "100.00", "missing_lines": 0, "excluded_lines": 7, "num_branches": 0, "num_partial_branches": 0, "covered_branches": 0, "missing_branches": 0}, "missing_lines": [], "excluded_lines": [1, 7, 8, 9, 11, 12, 14], "contexts": {"1": [""], "7": [""], "8": [""], "9": [""], "11": [""], "12": [""], "15": [""], "14": [""], "16": [""]}, "executed_branches": [], "missing_branches": []}}, "classes": {"": {"executed_lines": [1, 7, 8, 9, 11, 12, 14], "summary": {"covered_lines": 0, "num_statements": 0, "percent_covered": 100.0, "percent_covered_display": "100.00", "missing_lines": 0, "excluded_lines": 7, "num_branches": 0, "num_partial_branches": 0, "covered_branches": 0, "missing_branches": 0}, "missing_lines": [], "excluded_lines": [1, 7, 8, 9, 11, 12, 14], "contexts": {"1": [""], "7": [""], "8": [""], "9": [""], "11": [""], "12": [""], "15": [""], "14": [""], "16": [""]}, "executed_branches": [], "missing_branches": []}}}, "src/vgnc_internal_orm/cli/__init__.py": {"executed_lines": [], "summary": {"covered_lines": 0, "num_statements": 0, "percent_covered": 100.0, "percent_covered_display": "100.00", "missing_lines": 0, "excluded_lines": 3, "num_branches": 0, "num_partial_branches": 0, "covered_branches": 0, "missing_branches": 0}, "missing_lines": [], "excluded_lines": [1, 7, 9], "contexts": {}, "executed_branches": [], "missing_branches": [], "functions": {"": {"executed_lines": [], "summary": {"covered_lines": 0, "num_statements": 0, "percent_covered": 100.0, "percent_covered_display": "100.00", "missing_lines": 0, "excluded_lines": 3, "num_branches": 0, "num_partial_branches": 0, "covered_branches": 0, "missing_branches": 0}, "missing_lines": [], "excluded_lines": [1, 7, 9], "contexts": {}, "executed_branches": [], "missing_branches": []}}, "classes": {"": {"executed_lines": [], "summary": {"covered_lines": 0, "num_statements": 0, "percent_covered": 100.0, "percent_covered_display": "100.00", "missing_lines": 0, "excluded_lines": 3, "num_branches": 0, "num_partial_branches": 0, "covered_branches": 0, "missing_branches": 0}, "missing_lines": [], "excluded_lines": [1, 7, 9], "contexts": {}, "executed_branches": [], "missing_branches": []}}}, "src/vgnc_internal_orm/cli/main.py": {"executed_lines": [], "summary": {"covered_lines": 0, "num_statements": 0, "percent_covered": 100.0, "percent_covered_display": "100.00", "missing_lines": 0, "excluded_lines": 784, "num_branches": 0, "num_partial_branches": 0, "covered_branches": 0, "missing_branches": 0}, "missing_lines": [], "excluded_lines": [1, 7, 8, 9, 10, 11, 12, 13, 14, 16, 17, 18, 20, 21, 22, 24, 25, 26, 27, 28, 29, 32, 33, 34, 35, 36, 37, 38, 39, 40, 41, 42, 43, 44, 45, 46, 47, 48, 49, 50, 51, 52, 53, 54, 55, 58, 59, 60, 61, 62, 63, 64, 65, 66, 67, 68, 69, 70, 71, 72, 73, 74, 75, 76, 77, 78, 79, 80, 81, 82, 83, 84, 85, 86, 87, 88, 89, 90, 91, 92, 93, 94, 95, 96, 97, 98, 99, 100, 103, 104, 105, 106, 107, 108, 109, 110, 111, 112, 113, 114, 115, 116, 117, 118, 119, 120, 121, 122, 123, 124, 125, 126, 127, 128, 129, 130, 131, 132, 133, 134, 137, 138, 139, 140, 141, 142, 143, 144, 145, 146, 147, 148, 149, 150, 151, 152, 153, 154, 155, 156, 157, 158, 159, 160, 161, 162, 163, 164, 167, 168, 169, 170, 171, 172, 173, 174, 175, 176, 177, 178, 179, 180, 181, 182, 183, 184, 185, 186, 187, 188, 189, 190, 191, 192, 193, 194, 195, 196, 197, 200, 201, 202, 203, 204, 205, 206, 207, 208, 209, 210, 211, 212, 213, 214, 215, 216, 217, 218, 219, 220, 221, 222, 223, 224, 225, 226, 227, 228, 229, 230, 233, 234, 235, 236, 237, 238, 239, 240, 241, 242, 243, 244, 245, 246, 247, 248, 249, 250, 251, 252, 253, 254, 255, 256, 257, 258, 259, 260, 261, 262, 263, 264, 265, 266, 267, 268, 269, 270, 271, 272, 273, 274, 275, 276, 277, 278, 279, 280, 281, 282, 283, 284, 285, 286, 287, 290, 291, 292, 293, 294, 295, 296, 297, 298, 299, 300, 301, 302, 303, 304, 305, 306, 307, 308, 309, 310, 311, 312, 313, 314, 315, 316, 317, 318, 319, 320, 321, 322, 323, 324, 325, 326, 327, 328, 329, 330, 331, 332, 333, 334, 335, 336, 337, 338, 339, 340, 341, 342, 343, 344, 345, 346, 347, 348, 351, 352, 353, 354, 355, 356, 357, 358, 359, 360, 361, 362, 363, 364, 365, 366, 367, 368, 369, 370, 371, 372, 373, 374, 375, 376, 377, 378, 379, 380, 381, 382, 383, 384, 385, 386, 387, 388, 389, 390, 391, 392, 393, 394, 395, 396, 397, 398, 399, 400, 401, 402, 403, 404, 405, 406, 407, 408, 409, 410, 411, 412, 413, 414, 415, 416, 417, 418, 419, 420, 421, 422, 423, 424, 425, 426, 427, 428, 429, 430, 433, 434, 435, 436, 437, 438, 439, 440, 441, 442, 443, 444, 445, 448, 449, 450, 451, 452, 453, 454, 455, 456, 457, 458, 459, 462, 463, 464, 465, 466, 467, 468, 469, 470, 471, 472, 473, 474, 475, 476, 477, 478, 481, 482, 483, 484, 485, 486, 487, 488, 489, 490, 491, 492, 493, 494, 495, 496, 497, 498, 499, 500, 501, 502, 503, 504, 505, 508, 509, 510, 511, 512, 513, 514, 515, 516, 517, 518, 519, 520, 523, 524, 525, 526, 527, 528, 529, 530, 531, 532, 533, 534, 535, 536, 537, 538, 539, 540, 543, 544, 545, 546, 547, 548, 549, 550, 551, 552, 553, 554, 555, 556, 557, 558, 559, 560, 561, 562, 563, 564, 565, 566, 569, 570, 571, 572, 573, 574, 575, 576, 577, 578, 579, 580, 581, 582, 583, 584, 585, 588, 589, 590, 591, 592, 593, 594, 595, 596, 597, 598, 599, 600, 601, 602, 603, 604, 605, 606, 607, 608, 609, 610, 611, 612, 613, 616, 617, 618, 619, 620, 621, 622, 623, 624, 625, 626, 627, 628, 629, 630, 631, 632, 633, 634, 635, 636, 637, 638, 639, 640, 641, 644, 645, 646, 647, 648, 649, 650, 651, 652, 653, 654, 655, 656, 657, 658, 659, 660, 661, 662, 663, 664, 665, 666, 667, 668, 669, 670, 671, 672, 673, 674, 675, 676, 677, 678, 679, 680, 681, 682, 683, 684, 685, 686, 687, 688, 689, 690, 691, 692, 693, 694, 695, 696, 697, 698, 699, 700, 701, 702, 703, 704, 705, 706, 707, 708, 709, 710, 711, 712, 713, 714, 715, 716, 717, 718, 719, 720, 721, 722, 723, 724, 725, 726, 727, 728, 729, 730, 731, 732, 733, 734, 735, 736, 737, 738, 739, 740, 741, 742, 743, 744, 745, 746, 747, 748, 749, 750, 751, 752, 753, 754, 755, 756, 757, 758, 761, 762, 763, 764, 765, 766, 767, 768, 769, 770, 771, 772, 773, 774, 775, 776, 777, 778, 779, 780, 781, 782, 783, 784, 785, 786, 787, 788, 789, 790, 791, 792, 793, 794, 795, 796, 797, 798, 799, 800, 801, 802, 803, 804, 805, 806, 807, 808, 809, 810, 811, 812, 813, 814, 815, 816, 817, 818, 819, 820, 821, 822, 823, 824, 825, 826, 827, 828, 829, 830, 831, 832, 835, 836], "contexts": {}, "executed_branches": [], "missing_branches": [], "functions": {"cli": {"executed_lines": [], "summary": {"covered_lines": 0, "num_statements": 0, "percent_covered": 100.0, "percent_covered_display": "100.00", "missing_lines": 0, "excluded_lines": 14, "num_branches": 0, "num_partial_branches": 0, "covered_branches": 0, "missing_branches": 0}, "missing_lines": [], "excluded_lines": [42, 43, 44, 45, 46, 47, 48, 49, 50, 51, 52, 53, 54, 55], "contexts": {}, "executed_branches": [], "missing_branches": []}, "ensure_config_loaded": {"executed_lines": [], "summary": {"covered_lines": 0, "num_statements": 0, "percent_covered": 100.0, "percent_covered_display": "100.00", "missing_lines": 0, "excluded_lines": 42, "num_branches": 0, "num_partial_branches": 0, "covered_branches": 0, "missing_branches": 0}, "missing_lines": [], "excluded_lines": [59, 60, 61, 62, 63, 64, 65, 66, 67, 68, 69, 70, 71, 72, 73, 74, 75, 76, 77, 78, 79, 80, 81, 82, 83, 84, 85, 86, 87, 88, 89, 90, 91, 92, 93, 94, 95, 96, 97, 98, 99, 100], "contexts": {}, "executed_branches": [], "missing_branches": []}, "format_species_as_xml": {"executed_lines": [], "summary": {"covered_lines": 0, "num_statements": 0, "percent_covered": 100.0, "percent_covered_display": "100.00", "missing_lines": 0, "excluded_lines": 30, "num_branches": 0, "num_partial_branches": 0, "covered_branches": 0, "missing_branches": 0}, "missing_lines": [], "excluded_lines": [105, 106, 107, 108, 109, 110, 111, 112, 113, 114, 115, 116, 117, 118, 119, 120, 121, 122, 123, 124, 125, 126, 127, 128, 129, 130, 131, 132, 133, 134], "contexts": {}, "executed_branches": [], "missing_branches": []}, "format_genefam_as_xml": {"executed_lines": [], "summary": {"covered_lines": 0, "num_statements": 0, "percent_covered": 100.0, "percent_covered_display": "100.00", "missing_lines": 0, "excluded_lines": 27, "num_branches": 0, "num_partial_branches": 0, "covered_branches": 0, "missing_branches": 0}, "missing_lines": [], "excluded_lines": [138, 139, 140, 141, 142, 143, 144, 145, 146, 147, 148, 149, 150, 151, 152, 153, 154, 155, 156, 157, 158, 159, 160, 161, 162, 163, 164], "contexts": {}, "executed_branches": [], "missing_branches": []}, "format_assembly_as_xml": {"executed_lines": [], "summary": {"covered_lines": 0, "num_statements": 0, "percent_covered": 100.0, "percent_covered_display": "100.00", "missing_lines": 0, "excluded_lines": 30, "num_branches": 0, "num_partial_branches": 0, "covered_branches": 0, "missing_branches": 0}, "missing_lines": [], "excluded_lines": [168, 169, 170, 171, 172, 173, 174, 175, 176, 177, 178, 179, 180, 181, 182, 183, 184, 185, 186, 187, 188, 189, 190, 191, 192, 193, 194, 195, 196, 197], "contexts": {}, "executed_branches": [], "missing_branches": []}, "format_chromosomes_as_xml": {"executed_lines": [], "summary": {"covered_lines": 0, "num_statements": 0, "percent_covered": 100.0, "percent_covered_display": "100.00", "missing_lines": 0, "excluded_lines": 30, "num_branches": 0, "num_partial_branches": 0, "covered_branches": 0, "missing_branches": 0}, "missing_lines": [], "excluded_lines": [201, 202, 203, 204, 205, 206, 207, 208, 209, 210, 211, 212, 213, 214, 215, 216, 217, 218, 219, 220, 221, 222, 223, 224, 225, 226, 227, 228, 229, 230], "contexts": {}, "executed_branches": [], "missing_branches": []}, "query_species": {"executed_lines": [], "summary": {"covered_lines": 0, "num_statements": 0, "percent_covered": 100.0, "percent_covered_display": "100.00", "missing_lines": 0, "excluded_lines": 37, "num_branches": 0, "num_partial_branches": 0, "covered_branches": 0, "missing_branches": 0}, "missing_lines": [], "excluded_lines": [251, 252, 253, 254, 255, 256, 257, 258, 259, 260, 261, 262, 263, 264, 265, 266, 267, 268, 269, 270, 271, 272, 273, 274, 275, 276, 277, 278, 279, 280, 281, 282, 283, 284, 285, 286, 287], "contexts": {}, "executed_branches": [], "missing_branches": []}, "query_genefams": {"executed_lines": [], "summary": {"covered_lines": 0, "num_statements": 0, "percent_covered": 100.0, "percent_covered_display": "100.00", "missing_lines": 0, "excluded_lines": 47, "num_branches": 0, "num_partial_branches": 0, "covered_branches": 0, "missing_branches": 0}, "missing_lines": [], "excluded_lines": [302, 303, 304, 305, 306, 307, 308, 309, 310, 311, 312, 313, 314, 315, 316, 317, 318, 319, 320, 321, 322, 323, 324, 325, 326, 327, 328, 329, 330, 331, 332, 333, 334, 335, 336, 337, 338, 339, 340, 341, 342, 343, 344, 345, 346, 347, 348], "contexts": {}, "executed_branches": [], "missing_branches": []}, "query_genefam_species": {"executed_lines": [], "summary": {"covered_lines": 0, "num_statements": 0, "percent_covered": 100.0, "percent_covered_display": "100.00", "missing_lines": 0, "excluded_lines": 72, "num_branches": 0, "num_partial_branches": 0, "covered_branches": 0, "missing_branches": 0}, "missing_lines": [], "excluded_lines": [359, 360, 361, 362, 363, 364, 365, 366, 367, 368, 369, 370, 371, 372, 373, 374, 375, 376, 377, 378, 379, 380, 381, 382, 383, 384, 385, 386, 387, 388, 389, 390, 391, 392, 393, 394, 395, 396, 397, 398, 399, 400, 401, 402, 403, 404, 405, 406, 407, 408, 409, 410, 411, 412, 413, 414, 415, 416, 417, 418, 419, 420, 421, 422, 423, 424, 425, 426, 427, 428, 429, 430], "contexts": {}, "executed_branches": [], "missing_branches": []}, "get_session": {"executed_lines": [], "summary": {"covered_lines": 0, "num_statements": 0, "percent_covered": 100.0, "percent_covered_display": "100.00", "missing_lines": 0, "excluded_lines": 12, "num_branches": 0, "num_partial_branches": 0, "covered_branches": 0, "missing_branches": 0}, "missing_lines": [], "excluded_lines": [434, 435, 436, 437, 438, 439, 440, 441, 442, 443, 444, 445], "contexts": {}, "executed_branches": [], "missing_branches": []}, "display_species_table": {"executed_lines": [], "summary": {"covered_lines": 0, "num_statements": 0, "percent_covered": 100.0, "percent_covered_display": "100.00", "missing_lines": 0, "excluded_lines": 11, "num_branches": 0, "num_partial_branches": 0, "covered_branches": 0, "missing_branches": 0}, "missing_lines": [], "excluded_lines": [449, 450, 451, 452, 453, 454, 455, 456, 457, 458, 459], "contexts": {}, "executed_branches": [], "missing_branches": []}, "display_species_json": {"executed_lines": [], "summary": {"covered_lines": 0, "num_statements": 0, "percent_covered": 100.0, "percent_covered_display": "100.00", "missing_lines": 0, "excluded_lines": 16, "num_branches": 0, "num_partial_branches": 0, "covered_branches": 0, "missing_branches": 0}, "missing_lines": [], "excluded_lines": [463, 464, 465, 466, 467, 468, 469, 470, 471, 472, 473, 474, 475, 476, 477, 478], "contexts": {}, "executed_branches": [], "missing_branches": []}, "display_species_csv": {"executed_lines": [], "summary": {"covered_lines": 0, "num_statements": 0, "percent_covered": 100.0, "percent_covered_display": "100.00", "missing_lines": 0, "excluded_lines": 24, "num_branches": 0, "num_partial_branches": 0, "covered_branches": 0, "missing_branches": 0}, "missing_lines": [], "excluded_lines": [482, 483, 484, 485, 486, 487, 488, 489, 490, 491, 492, 493, 494, 495, 496, 497, 498, 499, 500, 501, 502, 503, 504, 505], "contexts": {}, "executed_branches": [], "missing_branches": []}, "display_genefams_table": {"executed_lines": [], "summary": {"covered_lines": 0, "num_statements": 0, "percent_covered": 100.0, "percent_covered_display": "100.00", "missing_lines": 0, "excluded_lines": 12, "num_branches": 0, "num_partial_branches": 0, "covered_branches": 0, "missing_branches": 0}, "missing_lines": [], "excluded_lines": [509, 510, 511, 512, 513, 514, 515, 516, 517, 518, 519, 520], "contexts": {}, "executed_branches": [], "missing_branches": []}, "display_genefams_json": {"executed_lines": [], "summary": {"covered_lines": 0, "num_statements": 0, "percent_covered": 100.0, "percent_covered_display": "100.00", "missing_lines": 0, "excluded_lines": 17, "num_branches": 0, "num_partial_branches": 0, "covered_branches": 0, "missing_branches": 0}, "missing_lines": [], "excluded_lines": [524, 525, 526, 527, 528, 529, 530, 531, 532, 533, 534, 535, 536, 537, 538, 539, 540], "contexts": {}, "executed_branches": [], "missing_branches": []}, "display_genefams_csv": {"executed_lines": [], "summary": {"covered_lines": 0, "num_statements": 0, "percent_covered": 100.0, "percent_covered_display": "100.00", "missing_lines": 0, "excluded_lines": 23, "num_branches": 0, "num_partial_branches": 0, "covered_branches": 0, "missing_branches": 0}, "missing_lines": [], "excluded_lines": [544, 545, 546, 547, 548, 549, 550, 551, 552, 553, 554, 555, 556, 557, 558, 559, 560, 561, 562, 563, 564, 565, 566], "contexts": {}, "executed_branches": [], "missing_branches": []}, "display_genefam_species_table": {"executed_lines": [], "summary": {"covered_lines": 0, "num_statements": 0, "percent_covered": 100.0, "percent_covered_display": "100.00", "missing_lines": 0, "excluded_lines": 16, "num_branches": 0, "num_partial_branches": 0, "covered_branches": 0, "missing_branches": 0}, "missing_lines": [], "excluded_lines": [570, 571, 572, 573, 574, 575, 576, 577, 578, 579, 580, 581, 582, 583, 584, 585], "contexts": {}, "executed_branches": [], "missing_branches": []}, "display_genefam_species_json": {"executed_lines": [], "summary": {"covered_lines": 0, "num_statements": 0, "percent_covered": 100.0, "percent_covered_display": "100.00", "missing_lines": 0, "excluded_lines": 25, "num_branches": 0, "num_partial_branches": 0, "covered_branches": 0, "missing_branches": 0}, "missing_lines": [], "excluded_lines": [589, 590, 591, 592, 593, 594, 595, 596, 597, 598, 599, 600, 601, 602, 603, 604, 605, 606, 607, 608, 609, 610, 611, 612, 613], "contexts": {}, "executed_branches": [], "missing_branches": []}, "display_genefam_species_csv": {"executed_lines": [], "summary": {"covered_lines": 0, "num_statements": 0, "percent_covered": 100.0, "percent_covered_display": "100.00", "missing_lines": 0, "excluded_lines": 25, "num_branches": 0, "num_partial_branches": 0, "covered_branches": 0, "missing_branches": 0}, "missing_lines": [], "excluded_lines": [617, 618, 619, 620, 621, 622, 623, 624, 625, 626, 627, 628, 629, 630, 631, 632, 633, 634, 635, 636, 637, 638, 639, 640, 641], "contexts": {}, "executed_branches": [], "missing_branches": []}, "export": {"executed_lines": [], "summary": {"covered_lines": 0, "num_statements": 0, "percent_covered": 100.0, "percent_covered_display": "100.00", "missing_lines": 0, "excluded_lines": 94, "num_branches": 0, "num_partial_branches": 0, "covered_branches": 0, "missing_branches": 0}, "missing_lines": [], "excluded_lines": [665, 666, 667, 668, 669, 670, 671, 672, 673, 674, 675, 676, 677, 678, 679, 680, 681, 682, 683, 684, 685, 686, 687, 688, 689, 690, 691, 692, 693, 694, 695, 696, 697, 698, 699, 700, 701, 702, 703, 704, 705, 706, 707, 708, 709, 710, 711, 712, 713, 714, 715, 716, 717, 718, 719, 720, 721, 722, 723, 724, 725, 726, 727, 728, 729, 730, 731, 732, 733, 734, 735, 736, 737, 738, 739, 740, 741, 742, 743, 744, 745, 746, 747, 748, 749, 750, 751, 752, 753, 754, 755, 756, 757, 758], "contexts": {}, "executed_branches": [], "missing_branches": []}, "export_query": {"executed_lines": [], "summary": {"covered_lines": 0, "num_statements": 0, "percent_covered": 100.0, "percent_covered_display": "100.00", "missing_lines": 0, "excluded_lines": 60, "num_branches": 0, "num_partial_branches": 0, "covered_branches": 0, "missing_branches": 0}, "missing_lines": [], "excluded_lines": [773, 774, 775, 776, 777, 778, 779, 780, 781, 782, 783, 784, 785, 786, 787, 788, 789, 790, 791, 792, 793, 794, 795, 796, 797, 798, 799, 800, 801, 802, 803, 804, 805, 806, 807, 808, 809, 810, 811, 812, 813, 814, 815, 816, 817, 818, 819, 820, 821, 822, 823, 824, 825, 826, 827, 828, 829, 830, 831, 832], "contexts": {}, "executed_branches": [], "missing_branches": []}, "": {"executed_lines": [], "summary": {"covered_lines": 0, "num_statements": 0, "percent_covered": 100.0, "percent_covered_display": "100.00", "missing_lines": 0, "excluded_lines": 120, "num_branches": 0, "num_partial_branches": 0, "covered_branches": 0, "missing_branches": 0}, "missing_lines": [], "excluded_lines": [1, 7, 8, 9, 10, 11, 12, 13, 14, 16, 17, 18, 20, 21, 22, 24, 25, 26, 27, 28, 29, 32, 33, 34, 35, 36, 37, 38, 39, 40, 41, 58, 103, 104, 137, 167, 200, 233, 234, 235, 236, 237, 238, 239, 240, 241, 242, 243, 244, 245, 246, 247, 248, 249, 250, 290, 291, 292, 293, 294, 295, 296, 297, 298, 299, 300, 301, 351, 352, 353, 354, 355, 356, 357, 358, 433, 448, 462, 481, 508, 523, 543, 569, 588, 616, 644, 645, 646, 647, 648, 649, 650, 651, 652, 653, 654, 655, 656, 657, 658, 659, 660, 661, 662, 663, 664, 761, 762, 763, 764, 765, 766, 767, 768, 769, 770, 771, 772, 835, 836], "contexts": {}, "executed_branches": [], "missing_branches": []}}, "classes": {"": {"executed_lines": [], "summary": {"covered_lines": 0, "num_statements": 0, "percent_covered": 100.0, "percent_covered_display": "100.00", "missing_lines": 0, "excluded_lines": 784, "num_branches": 0, "num_partial_branches": 0, "covered_branches": 0, "missing_branches": 0}, "missing_lines": [], "excluded_lines": [1, 7, 8, 9, 10, 11, 12, 13, 14, 16, 17, 18, 20, 21, 22, 24, 25, 26, 27, 28, 29, 32, 33, 34, 35, 36, 37, 38, 39, 40, 41, 42, 43, 44, 45, 46, 47, 48, 49, 50, 51, 52, 53, 54, 55, 58, 59, 60, 61, 62, 63, 64, 65, 66, 67, 68, 69, 70, 71, 72, 73, 74, 75, 76, 77, 78, 79, 80, 81, 82, 83, 84, 85, 86, 87, 88, 89, 90, 91, 92, 93, 94, 95, 96, 97, 98, 99, 100, 103, 104, 105, 106, 107, 108, 109, 110, 111, 112, 113, 114, 115, 116, 117, 118, 119, 120, 121, 122, 123, 124, 125, 126, 127, 128, 129, 130, 131, 132, 133, 134, 137, 138, 139, 140, 141, 142, 143, 144, 145, 146, 147, 148, 149, 150, 151, 152, 153, 154, 155, 156, 157, 158, 159, 160, 161, 162, 163, 164, 167, 168, 169, 170, 171, 172, 173, 174, 175, 176, 177, 178, 179, 180, 181, 182, 183, 184, 185, 186, 187, 188, 189, 190, 191, 192, 193, 194, 195, 196, 197, 200, 201, 202, 203, 204, 205, 206, 207, 208, 209, 210, 211, 212, 213, 214, 215, 216, 217, 218, 219, 220, 221, 222, 223, 224, 225, 226, 227, 228, 229, 230, 233, 234, 235, 236, 237, 238, 239, 240, 241, 242, 243, 244, 245, 246, 247, 248, 249, 250, 251, 252, 253, 254, 255, 256, 257, 258, 259, 260, 261, 262, 263, 264, 265, 266, 267, 268, 269, 270, 271, 272, 273, 274, 275, 276, 277, 278, 279, 280, 281, 282, 283, 284, 285, 286, 287, 290, 291, 292, 293, 294, 295, 296, 297, 298, 299, 300, 301, 302, 303, 304, 305, 306, 307, 308, 309, 310, 311, 312, 313, 314, 315, 316, 317, 318, 319, 320, 321, 322, 323, 324, 325, 326, 327, 328, 329, 330, 331, 332, 333, 334, 335, 336, 337, 338, 339, 340, 341, 342, 343, 344, 345, 346, 347, 348, 351, 352, 353, 354, 355, 356, 357, 358, 359, 360, 361, 362, 363, 364, 365, 366, 367, 368, 369, 370, 371, 372, 373, 374, 375, 376, 377, 378, 379, 380, 381, 382, 383, 384, 385, 386, 387, 388, 389, 390, 391, 392, 393, 394, 395, 396, 397, 398, 399, 400, 401, 402, 403, 404, 405, 406, 407, 408, 409, 410, 411, 412, 413, 414, 415, 416, 417, 418, 419, 420, 421, 422, 423, 424, 425, 426, 427, 428, 429, 430, 433, 434, 435, 436, 437, 438, 439, 440, 441, 442, 443, 444, 445, 448, 449, 450, 451, 452, 453, 454, 455, 456, 457, 458, 459, 462, 463, 464, 465, 466, 467, 468, 469, 470, 471, 472, 473, 474, 475, 476, 477, 478, 481, 482, 483, 484, 485, 486, 487, 488, 489, 490, 491, 492, 493, 494, 495, 496, 497, 498, 499, 500, 501, 502, 503, 504, 505, 508, 509, 510, 511, 512, 513, 514, 515, 516, 517, 518, 519, 520, 523, 524, 525, 526, 527, 528, 529, 530, 531, 532, 533, 534, 535, 536, 537, 538, 539, 540, 543, 544, 545, 546, 547, 548, 549, 550, 551, 552, 553, 554, 555, 556, 557, 558, 559, 560, 561, 562, 563, 564, 565, 566, 569, 570, 571, 572, 573, 574, 575, 576, 577, 578, 579, 580, 581, 582, 583, 584, 585, 588, 589, 590, 591, 592, 593, 594, 595, 596, 597, 598, 599, 600, 601, 602, 603, 604, 605, 606, 607, 608, 609, 610, 611, 612, 613, 616, 617, 618, 619, 620, 621, 622, 623, 624, 625, 626, 627, 628, 629, 630, 631, 632, 633, 634, 635, 636, 637, 638, 639, 640, 641, 644, 645, 646, 647, 648, 649, 650, 651, 652, 653, 654, 655, 656, 657, 658, 659, 660, 661, 662, 663, 664, 665, 666, 667, 668, 669, 670, 671, 672, 673, 674, 675, 676, 677, 678, 679, 680, 681, 682, 683, 684, 685, 686, 687, 688, 689, 690, 691, 692, 693, 694, 695, 696, 697, 698, 699, 700, 701, 702, 703, 704, 705, 706, 707, 708, 709, 710, 711, 712, 713, 714, 715, 716, 717, 718, 719, 720, 721, 722, 723, 724, 725, 726, 727, 728, 729, 730, 731, 732, 733, 734, 735, 736, 737, 738, 739, 740, 741, 742, 743, 744, 745, 746, 747, 748, 749, 750, 751, 752, 753, 754, 755, 756, 757, 758, 761, 762, 763, 764, 765, 766, 767, 768, 769, 770, 771, 772, 773, 774, 775, 776, 777, 778, 779, 780, 781, 782, 783, 784, 785, 786, 787, 788, 789, 790, 791, 792, 793, 794, 795, 796, 797, 798, 799, 800, 801, 802, 803, 804, 805, 806, 807, 808, 809, 810, 811, 812, 813, 814, 815, 816, 817, 818, 819, 820, 821, 822, 823, 824, 825, 826, 827, 828, 829, 830, 831, 832, 835, 836], "contexts": {}, "executed_branches": [], "missing_branches": []}}}, "src/vgnc_internal_orm/config/__init__.py": {"executed_lines": [1, 3, 5], "summary": {"covered_lines": 0, "num_statements": 0, "percent_covered": 100.0, "percent_covered_display": "100.00", "missing_lines": 0, "excluded_lines": 3, "num_branches": 0, "num_partial_branches": 0, "covered_branches": 0, "missing_branches": 0}, "missing_lines": [], "excluded_lines": [1, 3, 5], "contexts": {"1": [""], "3": [""], "6": [""], "5": [""], "7": [""]}, "executed_branches": [], "missing_branches": [], "functions": {"": {"executed_lines": [1, 3, 5], "summary": {"covered_lines": 0, "num_statements": 0, "percent_covered": 100.0, "percent_covered_display": "100.00", "missing_lines": 0, "excluded_lines": 3, "num_branches": 0, "num_partial_branches": 0, "covered_branches": 0, "missing_branches": 0}, "missing_lines": [], "excluded_lines": [1, 3, 5], "contexts": {"1": [""], "3": [""], "6": [""], "5": [""], "7": [""]}, "executed_branches": [], "missing_branches": []}}, "classes": {"": {"executed_lines": [1, 3, 5], "summary": {"covered_lines": 0, "num_statements": 0, "percent_covered": 100.0, "percent_covered_display": "100.00", "missing_lines": 0, "excluded_lines": 3, "num_branches": 0, "num_partial_branches": 0, "covered_branches": 0, "missing_branches": 0}, "missing_lines": [], "excluded_lines": [1, 3, 5], "contexts": {"1": [""], "3": [""], "6": [""], "5": [""], "7": [""]}, "executed_branches": [], "missing_branches": []}}}, "src/vgnc_internal_orm/config/settings.py": {"executed_lines": [1, 3, 4, 5, 6, 8, 9, 12, 13, 14, 15, 16, 17, 18, 19, 22, 23, 24, 25, 26, 27, 30, 31, 32, 33, 34, 35, 36, 39, 40, 42, 52, 53, 54, 55, 56, 57, 58, 61, 64, 65, 66, 67, 70, 71, 72, 75, 76, 79, 80, 81, 82, 84, 85, 86, 88, 90, 91, 92, 94, 96, 98, 99, 100, 103, 105, 107, 108, 110, 113, 114, 115, 117, 118, 119, 120, 121, 123, 124, 166, 167, 185, 186, 188, 197, 198, 199, 200, 203, 206, 207, 210, 211, 214, 215, 217, 218, 219, 221, 222, 225, 232, 236, 240, 246, 248], "summary": {"covered_lines": 0, "num_statements": 0, "percent_covered": 100.0, "percent_covered_display": "100.00", "missing_lines": 0, "excluded_lines": 238, "num_branches": 0, "num_partial_branches": 0, "covered_branches": 0, "missing_branches": 0}, "missing_lines": [], "excluded_lines": [1, 3, 4, 5, 6, 8, 9, 12, 13, 14, 15, 16, 17, 18, 19, 22, 23, 24, 25, 26, 27, 30, 31, 32, 33, 34, 35, 36, 39, 40, 41, 42, 43, 44, 45, 46, 47, 48, 49, 50, 51, 52, 53, 54, 55, 56, 57, 58, 59, 60, 61, 62, 63, 64, 65, 66, 67, 68, 69, 70, 71, 72, 73, 74, 75, 76, 77, 78, 79, 80, 81, 82, 83, 84, 85, 86, 87, 88, 89, 90, 91, 92, 93, 94, 95, 96, 97, 98, 99, 100, 101, 102, 103, 104, 105, 106, 107, 108, 109, 110, 111, 112, 113, 114, 115, 116, 117, 118, 119, 120, 121, 122, 123, 124, 125, 126, 127, 128, 129, 130, 131, 132, 133, 134, 135, 136, 137, 138, 139, 140, 141, 142, 143, 144, 145, 146, 147, 148, 149, 150, 151, 152, 153, 154, 155, 156, 157, 158, 159, 160, 161, 162, 163, 164, 165, 166, 167, 168, 169, 170, 171, 172, 173, 174, 175, 176, 177, 178, 179, 180, 181, 182, 185, 186, 187, 188, 189, 190, 191, 192, 193, 194, 195, 196, 197, 198, 199, 200, 201, 202, 203, 204, 205, 206, 207, 208, 209, 210, 211, 212, 213, 214, 215, 216, 217, 218, 219, 220, 221, 222, 223, 224, 225, 226, 227, 228, 229, 230, 231, 232, 233, 234, 235, 236, 237, 238, 239, 240, 241, 242, 245, 246, 248, 249, 250, 251, 252, 253], "contexts": {"221": [""], "185": [""], "117": [""], "107": [""], "103": [""], "94": [""], "88": [""], "39": [""], "30": [""], "22": [""], "12": [""], "1": [""], "3": [""], "4": [""], "5": [""], "6": [""], "8": [""], "9": [""], "13": [""], "14": [""], "15": [""], "16": [""], "17": [""], "18": [""], "19": [""], "23": [""], "24": [""], "25": [""], "26": [""], "27": [""], "31": [""], "32": [""], "33": [""], "34": [""], "35": [""], "36": [""], "40": [""], "42": [""], "43": [""], "52": [""], "44": [""], "45": [""], "46": [""], "47": [""], "48": [""], "53": [""], "54": [""], "55": [""], "56": [""], "57": [""], "58": [""], "61": [""], "64": [""], "65": [""], "66": [""], "67": [""], "70": [""], "71": [""], "72": [""], "75": [""], "76": [""], "79": [""], "80": [""], "81": [""], "82": [""], "84": [""], "85": [""], "86": [""], "90": [""], "91": [""], "92": [""], "98": [""], "96": [""], "99": [""], "100": [""], "105": [""], "113": [""], "108": [""], "110": [""], "114": [""], "115": [""], "123": [""], "118": [""], "121": [""], "119": [""], "120": [""], "124": [""], "166": [""], "167": [""], "186": [""], "246": [""], "188": [""], "189": [""], "197": [""], "190": [""], "191": [""], "192": [""], "193": [""], "198": [""], "199": [""], "200": [""], "203": [""], "206": [""], "207": [""], "210": [""], "211": [""], "214": [""], "215": [""], "217": [""], "218": [""], "219": [""], "225": [""], "222": [""], "232": [""], "236": [""], "240": [""], "248": [""]}, "executed_branches": [], "missing_branches": [], "functions": {"DatabaseConfig.validate_auth_fields": {"executed_lines": [88], "summary": {"covered_lines": 0, "num_statements": 0, "percent_covered": 100.0, "percent_covered_display": "100.00", "missing_lines": 0, "excluded_lines": 2, "num_branches": 0, "num_partial_branches": 0, "covered_branches": 0, "missing_branches": 0}, "missing_lines": [], "excluded_lines": [87, 88], "contexts": {"221": [""], "185": [""], "117": [""], "107": [""], "103": [""], "94": [""], "88": [""], "39": [""], "30": [""], "22": [""], "12": [""], "1": [""], "3": [""], "4": [""], "5": [""], "6": [""], "8": [""], "9": [""], "13": [""], "14": [""], "15": [""], "16": [""], "17": [""], "18": [""], "19": [""], "23": [""], "24": [""], "25": [""], "26": [""], "27": [""], "31": [""], "32": [""], "33": [""], "34": [""], "35": [""], "36": [""], "40": [""], "42": [""], "43": [""], "52": [""], "44": [""], "45": [""], "46": [""], "47": [""], "48": [""], "53": [""], "54": [""], "55": [""], "56": [""], "57": [""], "58": [""], "61": [""], "64": [""], "65": [""], "66": [""], "67": [""], "70": [""], "71": [""], "72": [""], "75": [""], "76": [""], "79": [""], "80": [""], "81": [""], "82": [""], "84": [""], "85": [""], "86": [""], "90": [""], "91": [""], "92": [""], "98": [""], "96": [""], "99": [""], "100": [""], "105": [""], "113": [""], "108": [""], "110": [""], "114": [""], "115": [""], "123": [""], "118": [""], "121": [""], "119": [""], "120": [""], "124": [""], "166": [""], "167": [""], "186": [""], "246": [""], "188": [""], "189": [""], "197": [""], "190": [""], "191": [""], "192": [""], "193": [""], "198": [""], "199": [""], "200": [""], "203": [""], "206": [""], "207": [""], "210": [""], "211": [""], "214": [""], "215": [""], "217": [""], "218": [""], "219": [""], "225": [""], "222": [""], "232": [""], "236": [""], "240": [""], "248": [""]}, "executed_branches": [], "missing_branches": []}, "DatabaseConfig.validate_required_fields": {"executed_lines": [94, 96], "summary": {"covered_lines": 0, "num_statements": 0, "percent_covered": 100.0, "percent_covered_display": "100.00", "missing_lines": 0, "excluded_lines": 4, "num_branches": 0, "num_partial_branches": 0, "covered_branches": 0, "missing_branches": 0}, "missing_lines": [], "excluded_lines": [93, 94, 95, 96], "contexts": {"221": [""], "185": [""], "117": [""], "107": [""], "103": [""], "94": [""], "88": [""], "39": [""], "30": [""], "22": [""], "12": [""], "1": [""], "3": [""], "4": [""], "5": [""], "6": [""], "8": [""], "9": [""], "13": [""], "14": [""], "15": [""], "16": [""], "17": [""], "18": [""], "19": [""], "23": [""], "24": [""], "25": [""], "26": [""], "27": [""], "31": [""], "32": [""], "33": [""], "34": [""], "35": [""], "36": [""], "40": [""], "42": [""], "43": [""], "52": [""], "44": [""], "45": [""], "46": [""], "47": [""], "48": [""], "53": [""], "54": [""], "55": [""], "56": [""], "57": [""], "58": [""], "61": [""], "64": [""], "65": [""], "66": [""], "67": [""], "70": [""], "71": [""], "72": [""], "75": [""], "76": [""], "79": [""], "80": [""], "81": [""], "82": [""], "84": [""], "85": [""], "86": [""], "90": [""], "91": [""], "92": [""], "98": [""], "96": [""], "99": [""], "100": [""], "105": [""], "113": [""], "108": [""], "110": [""], "114": [""], "115": [""], "123": [""], "118": [""], "121": [""], "119": [""], "120": [""], "124": [""], "166": [""], "167": [""], "186": [""], "246": [""], "188": [""], "189": [""], "197": [""], "190": [""], "191": [""], "192": [""], "193": [""], "198": [""], "199": [""], "200": [""], "203": [""], "206": [""], "207": [""], "210": [""], "211": [""], "214": [""], "215": [""], "217": [""], "218": [""], "219": [""], "225": [""], "222": [""], "232": [""], "236": [""], "240": [""], "248": [""]}, "executed_branches": [], "missing_branches": []}, "DatabaseConfig.validate_auth_required": {"executed_lines": [103], "summary": {"covered_lines": 0, "num_statements": 0, "percent_covered": 100.0, "percent_covered_display": "100.00", "missing_lines": 0, "excluded_lines": 3, "num_branches": 0, "num_partial_branches": 0, "covered_branches": 0, "missing_branches": 0}, "missing_lines": [], "excluded_lines": [101, 102, 103], "contexts": {"221": [""], "185": [""], "117": [""], "107": [""], "103": [""], "94": [""], "88": [""], "39": [""], "30": [""], "22": [""], "12": [""], "1": [""], "3": [""], "4": [""], "5": [""], "6": [""], "8": [""], "9": [""], "13": [""], "14": [""], "15": [""], "16": [""], "17": [""], "18": [""], "19": [""], "23": [""], "24": [""], "25": [""], "26": [""], "27": [""], "31": [""], "32": [""], "33": [""], "34": [""], "35": [""], "36": [""], "40": [""], "42": [""], "43": [""], "52": [""], "44": [""], "45": [""], "46": [""], "47": [""], "48": [""], "53": [""], "54": [""], "55": [""], "56": [""], "57": [""], "58": [""], "61": [""], "64": [""], "65": [""], "66": [""], "67": [""], "70": [""], "71": [""], "72": [""], "75": [""], "76": [""], "79": [""], "80": [""], "81": [""], "82": [""], "84": [""], "85": [""], "86": [""], "90": [""], "91": [""], "92": [""], "98": [""], "96": [""], "99": [""], "100": [""], "105": [""], "113": [""], "108": [""], "110": [""], "114": [""], "115": [""], "123": [""], "118": [""], "121": [""], "119": [""], "120": [""], "124": [""], "166": [""], "167": [""], "186": [""], "246": [""], "188": [""], "189": [""], "197": [""], "190": [""], "191": [""], "192": [""], "193": [""], "198": [""], "199": [""], "200": [""], "203": [""], "206": [""], "207": [""], "210": [""], "211": [""], "214": [""], "215": [""], "217": [""], "218": [""], "219": [""], "225": [""], "222": [""], "232": [""], "236": [""], "240": [""], "248": [""]}, "executed_branches": [], "missing_branches": []}, "DatabaseConfig.model_post_init": {"executed_lines": [107, 108, 110], "summary": {"covered_lines": 0, "num_statements": 0, "percent_covered": 100.0, "percent_covered_display": "100.00", "missing_lines": 0, "excluded_lines": 6, "num_branches": 0, "num_partial_branches": 0, "covered_branches": 0, "missing_branches": 0}, "missing_lines": [], "excluded_lines": [106, 107, 108, 109, 110, 111], "contexts": {"221": [""], "185": [""], "117": [""], "107": [""], "103": [""], "94": [""], "88": [""], "39": [""], "30": [""], "22": [""], "12": [""], "1": [""], "3": [""], "4": [""], "5": [""], "6": [""], "8": [""], "9": [""], "13": [""], "14": [""], "15": [""], "16": [""], "17": [""], "18": [""], "19": [""], "23": [""], "24": [""], "25": [""], "26": [""], "27": [""], "31": [""], "32": [""], "33": [""], "34": [""], "35": [""], "36": [""], "40": [""], "42": [""], "43": [""], "52": [""], "44": [""], "45": [""], "46": [""], "47": [""], "48": [""], "53": [""], "54": [""], "55": [""], "56": [""], "57": [""], "58": [""], "61": [""], "64": [""], "65": [""], "66": [""], "67": [""], "70": [""], "71": [""], "72": [""], "75": [""], "76": [""], "79": [""], "80": [""], "81": [""], "82": [""], "84": [""], "85": [""], "86": [""], "90": [""], "91": [""], "92": [""], "98": [""], "96": [""], "99": [""], "100": [""], "105": [""], "113": [""], "108": [""], "110": [""], "114": [""], "115": [""], "123": [""], "118": [""], "121": [""], "119": [""], "120": [""], "124": [""], "166": [""], "167": [""], "186": [""], "246": [""], "188": [""], "189": [""], "197": [""], "190": [""], "191": [""], "192": [""], "193": [""], "198": [""], "199": [""], "200": [""], "203": [""], "206": [""], "207": [""], "210": [""], "211": [""], "214": [""], "215": [""], "217": [""], "218": [""], "219": [""], "225": [""], "222": [""], "232": [""], "236": [""], "240": [""], "248": [""]}, "executed_branches": [], "missing_branches": []}, "DatabaseConfig.validate_ssl_paths": {"executed_lines": [117, 118, 119, 120, 121], "summary": {"covered_lines": 0, "num_statements": 0, "percent_covered": 100.0, "percent_covered_display": "100.00", "missing_lines": 0, "excluded_lines": 6, "num_branches": 0, "num_partial_branches": 0, "covered_branches": 0, "missing_branches": 0}, "missing_lines": [], "excluded_lines": [116, 117, 118, 119, 120, 121], "contexts": {"221": [""], "185": [""], "117": [""], "107": [""], "103": [""], "94": [""], "88": [""], "39": [""], "30": [""], "22": [""], "12": [""], "1": [""], "3": [""], "4": [""], "5": [""], "6": [""], "8": [""], "9": [""], "13": [""], "14": [""], "15": [""], "16": [""], "17": [""], "18": [""], "19": [""], "23": [""], "24": [""], "25": [""], "26": [""], "27": [""], "31": [""], "32": [""], "33": [""], "34": [""], "35": [""], "36": [""], "40": [""], "42": [""], "43": [""], "52": [""], "44": [""], "45": [""], "46": [""], "47": [""], "48": [""], "53": [""], "54": [""], "55": [""], "56": [""], "57": [""], "58": [""], "61": [""], "64": [""], "65": [""], "66": [""], "67": [""], "70": [""], "71": [""], "72": [""], "75": [""], "76": [""], "79": [""], "80": [""], "81": [""], "82": [""], "84": [""], "85": [""], "86": [""], "90": [""], "91": [""], "92": [""], "98": [""], "96": [""], "99": [""], "100": [""], "105": [""], "113": [""], "108": [""], "110": [""], "114": [""], "115": [""], "123": [""], "118": [""], "121": [""], "119": [""], "120": [""], "124": [""], "166": [""], "167": [""], "186": [""], "246": [""], "188": [""], "189": [""], "197": [""], "190": [""], "191": [""], "192": [""], "193": [""], "198": [""], "199": [""], "200": [""], "203": [""], "206": [""], "207": [""], "210": [""], "211": [""], "214": [""], "215": [""], "217": [""], "218": [""], "219": [""], "225": [""], "222": [""], "232": [""], "236": [""], "240": [""], "248": [""]}, "executed_branches": [], "missing_branches": []}, "DatabaseConfig.database_url": {"executed_lines": [], "summary": {"covered_lines": 0, "num_statements": 0, "percent_covered": 100.0, "percent_covered_display": "100.00", "missing_lines": 0, "excluded_lines": 40, "num_branches": 0, "num_partial_branches": 0, "covered_branches": 0, "missing_branches": 0}, "missing_lines": [], "excluded_lines": [125, 126, 127, 128, 129, 130, 131, 132, 133, 134, 135, 136, 137, 138, 139, 140, 141, 142, 143, 144, 145, 146, 147, 148, 149, 150, 151, 152, 153, 154, 155, 156, 157, 158, 159, 160, 161, 162, 163, 164], "contexts": {"221": [""], "185": [""], "117": [""], "107": [""], "103": [""], "94": [""], "88": [""], "39": [""], "30": [""], "22": [""], "12": [""], "1": [""], "3": [""], "4": [""], "5": [""], "6": [""], "8": [""], "9": [""], "13": [""], "14": [""], "15": [""], "16": [""], "17": [""], "18": [""], "19": [""], "23": [""], "24": [""], "25": [""], "26": [""], "27": [""], "31": [""], "32": [""], "33": [""], "34": [""], "35": [""], "36": [""], "40": [""], "42": [""], "43": [""], "52": [""], "44": [""], "45": [""], "46": [""], "47": [""], "48": [""], "53": [""], "54": [""], "55": [""], "56": [""], "57": [""], "58": [""], "61": [""], "64": [""], "65": [""], "66": [""], "67": [""], "70": [""], "71": [""], "72": [""], "75": [""], "76": [""], "79": [""], "80": [""], "81": [""], "82": [""], "84": [""], "85": [""], "86": [""], "90": [""], "91": [""], "92": [""], "98": [""], "96": [""], "99": [""], "100": [""], "105": [""], "113": [""], "108": [""], "110": [""], "114": [""], "115": [""], "123": [""], "118": [""], "121": [""], "119": [""], "120": [""], "124": [""], "166": [""], "167": [""], "186": [""], "246": [""], "188": [""], "189": [""], "197": [""], "190": [""], "191": [""], "192": [""], "193": [""], "198": [""], "199": [""], "200": [""], "203": [""], "206": [""], "207": [""], "210": [""], "211": [""], "214": [""], "215": [""], "217": [""], "218": [""], "219": [""], "225": [""], "222": [""], "232": [""], "236": [""], "240": [""], "248": [""]}, "executed_branches": [], "missing_branches": []}, "DatabaseConfig.async_database_url": {"executed_lines": [], "summary": {"covered_lines": 0, "num_statements": 0, "percent_covered": 100.0, "percent_covered_display": "100.00", "missing_lines": 0, "excluded_lines": 15, "num_branches": 0, "num_partial_branches": 0, "covered_branches": 0, "missing_branches": 0}, "missing_lines": [], "excluded_lines": [168, 169, 170, 171, 172, 173, 174, 175, 176, 177, 178, 179, 180, 181, 182], "contexts": {"221": [""], "185": [""], "117": [""], "107": [""], "103": [""], "94": [""], "88": [""], "39": [""], "30": [""], "22": [""], "12": [""], "1": [""], "3": [""], "4": [""], "5": [""], "6": [""], "8": [""], "9": [""], "13": [""], "14": [""], "15": [""], "16": [""], "17": [""], "18": [""], "19": [""], "23": [""], "24": [""], "25": [""], "26": [""], "27": [""], "31": [""], "32": [""], "33": [""], "34": [""], "35": [""], "36": [""], "40": [""], "42": [""], "43": [""], "52": [""], "44": [""], "45": [""], "46": [""], "47": [""], "48": [""], "53": [""], "54": [""], "55": [""], "56": [""], "57": [""], "58": [""], "61": [""], "64": [""], "65": [""], "66": [""], "67": [""], "70": [""], "71": [""], "72": [""], "75": [""], "76": [""], "79": [""], "80": [""], "81": [""], "82": [""], "84": [""], "85": [""], "86": [""], "90": [""], "91": [""], "92": [""], "98": [""], "96": [""], "99": [""], "100": [""], "105": [""], "113": [""], "108": [""], "110": [""], "114": [""], "115": [""], "123": [""], "118": [""], "121": [""], "119": [""], "120": [""], "124": [""], "166": [""], "167": [""], "186": [""], "246": [""], "188": [""], "189": [""], "197": [""], "190": [""], "191": [""], "192": [""], "193": [""], "198": [""], "199": [""], "200": [""], "203": [""], "206": [""], "207": [""], "210": [""], "211": [""], "214": [""], "215": [""], "217": [""], "218": [""], "219": [""], "225": [""], "222": [""], "232": [""], "236": [""], "240": [""], "248": [""]}, "executed_branches": [], "missing_branches": []}, "Settings.normalize_log_level": {"executed_lines": [221, 222], "summary": {"covered_lines": 0, "num_statements": 0, "percent_covered": 100.0, "percent_covered_display": "100.00", "missing_lines": 0, "excluded_lines": 4, "num_branches": 0, "num_partial_branches": 0, "covered_branches": 0, "missing_branches": 0}, "missing_lines": [], "excluded_lines": [220, 221, 222, 223], "contexts": {"221": [""], "185": [""], "117": [""], "107": [""], "103": [""], "94": [""], "88": [""], "39": [""], "30": [""], "22": [""], "12": [""], "1": [""], "3": [""], "4": [""], "5": [""], "6": [""], "8": [""], "9": [""], "13": [""], "14": [""], "15": [""], "16": [""], "17": [""], "18": [""], "19": [""], "23": [""], "24": [""], "25": [""], "26": [""], "27": [""], "31": [""], "32": [""], "33": [""], "34": [""], "35": [""], "36": [""], "40": [""], "42": [""], "43": [""], "52": [""], "44": [""], "45": [""], "46": [""], "47": [""], "48": [""], "53": [""], "54": [""], "55": [""], "56": [""], "57": [""], "58": [""], "61": [""], "64": [""], "65": [""], "66": [""], "67": [""], "70": [""], "71": [""], "72": [""], "75": [""], "76": [""], "79": [""], "80": [""], "81": [""], "82": [""], "84": [""], "85": [""], "86": [""], "90": [""], "91": [""], "92": [""], "98": [""], "96": [""], "99": [""], "100": [""], "105": [""], "113": [""], "108": [""], "110": [""], "114": [""], "115": [""], "123": [""], "118": [""], "121": [""], "119": [""], "120": [""], "124": [""], "166": [""], "167": [""], "186": [""], "246": [""], "188": [""], "189": [""], "197": [""], "190": [""], "191": [""], "192": [""], "193": [""], "198": [""], "199": [""], "200": [""], "203": [""], "206": [""], "207": [""], "210": [""], "211": [""], "214": [""], "215": [""], "217": [""], "218": [""], "219": [""], "225": [""], "222": [""], "232": [""], "236": [""], "240": [""], "248": [""]}, "executed_branches": [], "missing_branches": []}, "Settings.get_database_url": {"executed_lines": [], "summary": {"covered_lines": 0, "num_statements": 0, "percent_covered": 100.0, "percent_covered_display": "100.00", "missing_lines": 0, "excluded_lines": 5, "num_branches": 0, "num_partial_branches": 0, "covered_branches": 0, "missing_branches": 0}, "missing_lines": [], "excluded_lines": [226, 227, 228, 229, 230], "contexts": {"221": [""], "185": [""], "117": [""], "107": [""], "103": [""], "94": [""], "88": [""], "39": [""], "30": [""], "22": [""], "12": [""], "1": [""], "3": [""], "4": [""], "5": [""], "6": [""], "8": [""], "9": [""], "13": [""], "14": [""], "15": [""], "16": [""], "17": [""], "18": [""], "19": [""], "23": [""], "24": [""], "25": [""], "26": [""], "27": [""], "31": [""], "32": [""], "33": [""], "34": [""], "35": [""], "36": [""], "40": [""], "42": [""], "43": [""], "52": [""], "44": [""], "45": [""], "46": [""], "47": [""], "48": [""], "53": [""], "54": [""], "55": [""], "56": [""], "57": [""], "58": [""], "61": [""], "64": [""], "65": [""], "66": [""], "67": [""], "70": [""], "71": [""], "72": [""], "75": [""], "76": [""], "79": [""], "80": [""], "81": [""], "82": [""], "84": [""], "85": [""], "86": [""], "90": [""], "91": [""], "92": [""], "98": [""], "96": [""], "99": [""], "100": [""], "105": [""], "113": [""], "108": [""], "110": [""], "114": [""], "115": [""], "123": [""], "118": [""], "121": [""], "119": [""], "120": [""], "124": [""], "166": [""], "167": [""], "186": [""], "246": [""], "188": [""], "189": [""], "197": [""], "190": [""], "191": [""], "192": [""], "193": [""], "198": [""], "199": [""], "200": [""], "203": [""], "206": [""], "207": [""], "210": [""], "211": [""], "214": [""], "215": [""], "217": [""], "218": [""], "219": [""], "225": [""], "222": [""], "232": [""], "236": [""], "240": [""], "248": [""]}, "executed_branches": [], "missing_branches": []}, "Settings.is_development": {"executed_lines": [], "summary": {"covered_lines": 0, "num_statements": 0, "percent_covered": 100.0, "percent_covered_display": "100.00", "missing_lines": 0, "excluded_lines": 2, "num_branches": 0, "num_partial_branches": 0, "covered_branches": 0, "missing_branches": 0}, "missing_lines": [], "excluded_lines": [233, 234], "contexts": {"221": [""], "185": [""], "117": [""], "107": [""], "103": [""], "94": [""], "88": [""], "39": [""], "30": [""], "22": [""], "12": [""], "1": [""], "3": [""], "4": [""], "5": [""], "6": [""], "8": [""], "9": [""], "13": [""], "14": [""], "15": [""], "16": [""], "17": [""], "18": [""], "19": [""], "23": [""], "24": [""], "25": [""], "26": [""], "27": [""], "31": [""], "32": [""], "33": [""], "34": [""], "35": [""], "36": [""], "40": [""], "42": [""], "43": [""], "52": [""], "44": [""], "45": [""], "46": [""], "47": [""], "48": [""], "53": [""], "54": [""], "55": [""], "56": [""], "57": [""], "58": [""], "61": [""], "64": [""], "65": [""], "66": [""], "67": [""], "70": [""], "71": [""], "72": [""], "75": [""], "76": [""], "79": [""], "80": [""], "81": [""], "82": [""], "84": [""], "85": [""], "86": [""], "90": [""], "91": [""], "92": [""], "98": [""], "96": [""], "99": [""], "100": [""], "105": [""], "113": [""], "108": [""], "110": [""], "114": [""], "115": [""], "123": [""], "118": [""], "121": [""], "119": [""], "120": [""], "124": [""], "166": [""], "167": [""], "186": [""], "246": [""], "188": [""], "189": [""], "197": [""], "190": [""], "191": [""], "192": [""], "193": [""], "198": [""], "199": [""], "200": [""], "203": [""], "206": [""], "207": [""], "210": [""], "211": [""], "214": [""], "215": [""], "217": [""], "218": [""], "219": [""], "225": [""], "222": [""], "232": [""], "236": [""], "240": [""], "248": [""]}, "executed_branches": [], "missing_branches": []}, "Settings.is_testing": {"executed_lines": [], "summary": {"covered_lines": 0, "num_statements": 0, "percent_covered": 100.0, "percent_covered_display": "100.00", "missing_lines": 0, "excluded_lines": 2, "num_branches": 0, "num_partial_branches": 0, "covered_branches": 0, "missing_branches": 0}, "missing_lines": [], "excluded_lines": [237, 238], "contexts": {"221": [""], "185": [""], "117": [""], "107": [""], "103": [""], "94": [""], "88": [""], "39": [""], "30": [""], "22": [""], "12": [""], "1": [""], "3": [""], "4": [""], "5": [""], "6": [""], "8": [""], "9": [""], "13": [""], "14": [""], "15": [""], "16": [""], "17": [""], "18": [""], "19": [""], "23": [""], "24": [""], "25": [""], "26": [""], "27": [""], "31": [""], "32": [""], "33": [""], "34": [""], "35": [""], "36": [""], "40": [""], "42": [""], "43": [""], "52": [""], "44": [""], "45": [""], "46": [""], "47": [""], "48": [""], "53": [""], "54": [""], "55": [""], "56": [""], "57": [""], "58": [""], "61": [""], "64": [""], "65": [""], "66": [""], "67": [""], "70": [""], "71": [""], "72": [""], "75": [""], "76": [""], "79": [""], "80": [""], "81": [""], "82": [""], "84": [""], "85": [""], "86": [""], "90": [""], "91": [""], "92": [""], "98": [""], "96": [""], "99": [""], "100": [""], "105": [""], "113": [""], "108": [""], "110": [""], "114": [""], "115": [""], "123": [""], "118": [""], "121": [""], "119": [""], "120": [""], "124": [""], "166": [""], "167": [""], "186": [""], "246": [""], "188": [""], "189": [""], "197": [""], "190": [""], "191": [""], "192": [""], "193": [""], "198": [""], "199": [""], "200": [""], "203": [""], "206": [""], "207": [""], "210": [""], "211": [""], "214": [""], "215": [""], "217": [""], "218": [""], "219": [""], "225": [""], "222": [""], "232": [""], "236": [""], "240": [""], "248": [""]}, "executed_branches": [], "missing_branches": []}, "Settings.is_production": {"executed_lines": [], "summary": {"covered_lines": 0, "num_statements": 0, "percent_covered": 100.0, "percent_covered_display": "100.00", "missing_lines": 0, "excluded_lines": 2, "num_branches": 0, "num_partial_branches": 0, "covered_branches": 0, "missing_branches": 0}, "missing_lines": [], "excluded_lines": [241, 242], "contexts": {"221": [""], "185": [""], "117": [""], "107": [""], "103": [""], "94": [""], "88": [""], "39": [""], "30": [""], "22": [""], "12": [""], "1": [""], "3": [""], "4": [""], "5": [""], "6": [""], "8": [""], "9": [""], "13": [""], "14": [""], "15": [""], "16": [""], "17": [""], "18": [""], "19": [""], "23": [""], "24": [""], "25": [""], "26": [""], "27": [""], "31": [""], "32": [""], "33": [""], "34": [""], "35": [""], "36": [""], "40": [""], "42": [""], "43": [""], "52": [""], "44": [""], "45": [""], "46": [""], "47": [""], "48": [""], "53": [""], "54": [""], "55": [""], "56": [""], "57": [""], "58": [""], "61": [""], "64": [""], "65": [""], "66": [""], "67": [""], "70": [""], "71": [""], "72": [""], "75": [""], "76": [""], "79": [""], "80": [""], "81": [""], "82": [""], "84": [""], "85": [""], "86": [""], "90": [""], "91": [""], "92": [""], "98": [""], "96": [""], "99": [""], "100": [""], "105": [""], "113": [""], "108": [""], "110": [""], "114": [""], "115": [""], "123": [""], "118": [""], "121": [""], "119": [""], "120": [""], "124": [""], "166": [""], "167": [""], "186": [""], "246": [""], "188": [""], "189": [""], "197": [""], "190": [""], "191": [""], "192": [""], "193": [""], "198": [""], "199": [""], "200": [""], "203": [""], "206": [""], "207": [""], "210": [""], "211": [""], "214": [""], "215": [""], "217": [""], "218": [""], "219": [""], "225": [""], "222": [""], "232": [""], "236": [""], "240": [""], "248": [""]}, "executed_branches": [], "missing_branches": []}, "get_settings": {"executed_lines": [], "summary": {"covered_lines": 0, "num_statements": 0, "percent_covered": 100.0, "percent_covered_display": "100.00", "missing_lines": 0, "excluded_lines": 5, "num_branches": 0, "num_partial_branches": 0, "covered_branches": 0, "missing_branches": 0}, "missing_lines": [], "excluded_lines": [249, 250, 251, 252, 253], "contexts": {"221": [""], "185": [""], "117": [""], "107": [""], "103": [""], "94": [""], "88": [""], "39": [""], "30": [""], "22": [""], "12": [""], "1": [""], "3": [""], "4": [""], "5": [""], "6": [""], "8": [""], "9": [""], "13": [""], "14": [""], "15": [""], "16": [""], "17": [""], "18": [""], "19": [""], "23": [""], "24": [""], "25": [""], "26": [""], "27": [""], "31": [""], "32": [""], "33": [""], "34": [""], "35": [""], "36": [""], "40": [""], "42": [""], "43": [""], "52": [""], "44": [""], "45": [""], "46": [""], "47": [""], "48": [""], "53": [""], "54": [""], "55": [""], "56": [""], "57": [""], "58": [""], "61": [""], "64": [""], "65": [""], "66": [""], "67": [""], "70": [""], "71": [""], "72": [""], "75": [""], "76": [""], "79": [""], "80": [""], "81": [""], "82": [""], "84": [""], "85": [""], "86": [""], "90": [""], "91": [""], "92": [""], "98": [""], "96": [""], "99": [""], "100": [""], "105": [""], "113": [""], "108": [""], "110": [""], "114": [""], "115": [""], "123": [""], "118": [""], "121": [""], "119": [""], "120": [""], "124": [""], "166": [""], "167": [""], "186": [""], "246": [""], "188": [""], "189": [""], "197": [""], "190": [""], "191": [""], "192": [""], "193": [""], "198": [""], "199": [""], "200": [""], "203": [""], "206": [""], "207": [""], "210": [""], "211": [""], "214": [""], "215": [""], "217": [""], "218": [""], "219": [""], "225": [""], "222": [""], "232": [""], "236": [""], "240": [""], "248": [""]}, "executed_branches": [], "missing_branches": []}, "": {"executed_lines": [1, 3, 4, 5, 6, 8, 9, 12, 13, 14, 15, 16, 17, 18, 19, 22, 23, 24, 25, 26, 27, 30, 31, 32, 33, 34, 35, 36, 39, 40, 42, 52, 53, 54, 55, 56, 57, 58, 61, 64, 65, 66, 67, 70, 71, 72, 75, 76, 79, 80, 81, 82, 84, 85, 86, 90, 91, 92, 98, 99, 100, 105, 113, 114, 115, 123, 124, 166, 167, 185, 186, 188, 197, 198, 199, 200, 203, 206, 207, 210, 211, 214, 215, 217, 218, 219, 225, 232, 236, 240, 246, 248], "summary": {"covered_lines": 0, "num_statements": 0, "percent_covered": 100.0, "percent_covered_display": "100.00", "missing_lines": 0, "excluded_lines": 142, "num_branches": 0, "num_partial_branches": 0, "covered_branches": 0, "missing_branches": 0}, "missing_lines": [], "excluded_lines": [1, 3, 4, 5, 6, 8, 9, 12, 13, 14, 15, 16, 17, 18, 19, 22, 23, 24, 25, 26, 27, 30, 31, 32, 33, 34, 35, 36, 39, 40, 41, 42, 43, 44, 45, 46, 47, 48, 49, 50, 51, 52, 53, 54, 55, 56, 57, 58, 59, 60, 61, 62, 63, 64, 65, 66, 67, 68, 69, 70, 71, 72, 73, 74, 75, 76, 77, 78, 79, 80, 81, 82, 83, 84, 85, 86, 89, 90, 91, 92, 97, 98, 99, 100, 104, 105, 112, 113, 114, 115, 122, 123, 124, 165, 166, 167, 185, 186, 187, 188, 189, 190, 191, 192, 193, 194, 195, 196, 197, 198, 199, 200, 201, 202, 203, 204, 205, 206, 207, 208, 209, 210, 211, 212, 213, 214, 215, 216, 217, 218, 219, 224, 225, 231, 232, 235, 236, 239, 240, 245, 246, 248], "contexts": {"221": [""], "185": [""], "117": [""], "107": [""], "103": [""], "94": [""], "88": [""], "39": [""], "30": [""], "22": [""], "12": [""], "1": [""], "3": [""], "4": [""], "5": [""], "6": [""], "8": [""], "9": [""], "13": [""], "14": [""], "15": [""], "16": [""], "17": [""], "18": [""], "19": [""], "23": [""], "24": [""], "25": [""], "26": [""], "27": [""], "31": [""], "32": [""], "33": [""], "34": [""], "35": [""], "36": [""], "40": [""], "42": [""], "43": [""], "52": [""], "44": [""], "45": [""], "46": [""], "47": [""], "48": [""], "53": [""], "54": [""], "55": [""], "56": [""], "57": [""], "58": [""], "61": [""], "64": [""], "65": [""], "66": [""], "67": [""], "70": [""], "71": [""], "72": [""], "75": [""], "76": [""], "79": [""], "80": [""], "81": [""], "82": [""], "84": [""], "85": [""], "86": [""], "90": [""], "91": [""], "92": [""], "98": [""], "96": [""], "99": [""], "100": [""], "105": [""], "113": [""], "108": [""], "110": [""], "114": [""], "115": [""], "123": [""], "118": [""], "121": [""], "119": [""], "120": [""], "124": [""], "166": [""], "167": [""], "186": [""], "246": [""], "188": [""], "189": [""], "197": [""], "190": [""], "191": [""], "192": [""], "193": [""], "198": [""], "199": [""], "200": [""], "203": [""], "206": [""], "207": [""], "210": [""], "211": [""], "214": [""], "215": [""], "217": [""], "218": [""], "219": [""], "225": [""], "222": [""], "232": [""], "236": [""], "240": [""], "248": [""]}, "executed_branches": [], "missing_branches": []}}, "classes": {"DatabaseDriver": {"executed_lines": [], "summary": {"covered_lines": 0, "num_statements": 0, "percent_covered": 100.0, "percent_covered_display": "100.00", "missing_lines": 0, "excluded_lines": 0, "num_branches": 0, "num_partial_branches": 0, "covered_branches": 0, "missing_branches": 0}, "missing_lines": [], "excluded_lines": [], "contexts": {"221": [""], "185": [""], "117": [""], "107": [""], "103": [""], "94": [""], "88": [""], "39": [""], "30": [""], "22": [""], "12": [""], "1": [""], "3": [""], "4": [""], "5": [""], "6": [""], "8": [""], "9": [""], "13": [""], "14": [""], "15": [""], "16": [""], "17": [""], "18": [""], "19": [""], "23": [""], "24": [""], "25": [""], "26": [""], "27": [""], "31": [""], "32": [""], "33": [""], "34": [""], "35": [""], "36": [""], "40": [""], "42": [""], "43": [""], "52": [""], "44": [""], "45": [""], "46": [""], "47": [""], "48": [""], "53": [""], "54": [""], "55": [""], "56": [""], "57": [""], "58": [""], "61": [""], "64": [""], "65": [""], "66": [""], "67": [""], "70": [""], "71": [""], "72": [""], "75": [""], "76": [""], "79": [""], "80": [""], "81": [""], "82": [""], "84": [""], "85": [""], "86": [""], "90": [""], "91": [""], "92": [""], "98": [""], "96": [""], "99": [""], "100": [""], "105": [""], "113": [""], "108": [""], "110": [""], "114": [""], "115": [""], "123": [""], "118": [""], "121": [""], "119": [""], "120": [""], "124": [""], "166": [""], "167": [""], "186": [""], "246": [""], "188": [""], "189": [""], "197": [""], "190": [""], "191": [""], "192": [""], "193": [""], "198": [""], "199": [""], "200": [""], "203": [""], "206": [""], "207": [""], "210": [""], "211": [""], "214": [""], "215": [""], "217": [""], "218": [""], "219": [""], "225": [""], "222": [""], "232": [""], "236": [""], "240": [""], "248": [""]}, "executed_branches": [], "missing_branches": []}, "Environment": {"executed_lines": [], "summary": {"covered_lines": 0, "num_statements": 0, "percent_covered": 100.0, "percent_covered_display": "100.00", "missing_lines": 0, "excluded_lines": 0, "num_branches": 0, "num_partial_branches": 0, "covered_branches": 0, "missing_branches": 0}, "missing_lines": [], "excluded_lines": [], "contexts": {"221": [""], "185": [""], "117": [""], "107": [""], "103": [""], "94": [""], "88": [""], "39": [""], "30": [""], "22": [""], "12": [""], "1": [""], "3": [""], "4": [""], "5": [""], "6": [""], "8": [""], "9": [""], "13": [""], "14": [""], "15": [""], "16": [""], "17": [""], "18": [""], "19": [""], "23": [""], "24": [""], "25": [""], "26": [""], "27": [""], "31": [""], "32": [""], "33": [""], "34": [""], "35": [""], "36": [""], "40": [""], "42": [""], "43": [""], "52": [""], "44": [""], "45": [""], "46": [""], "47": [""], "48": [""], "53": [""], "54": [""], "55": [""], "56": [""], "57": [""], "58": [""], "61": [""], "64": [""], "65": [""], "66": [""], "67": [""], "70": [""], "71": [""], "72": [""], "75": [""], "76": [""], "79": [""], "80": [""], "81": [""], "82": [""], "84": [""], "85": [""], "86": [""], "90": [""], "91": [""], "92": [""], "98": [""], "96": [""], "99": [""], "100": [""], "105": [""], "113": [""], "108": [""], "110": [""], "114": [""], "115": [""], "123": [""], "118": [""], "121": [""], "119": [""], "120": [""], "124": [""], "166": [""], "167": [""], "186": [""], "246": [""], "188": [""], "189": [""], "197": [""], "190": [""], "191": [""], "192": [""], "193": [""], "198": [""], "199": [""], "200": [""], "203": [""], "206": [""], "207": [""], "210": [""], "211": [""], "214": [""], "215": [""], "217": [""], "218": [""], "219": [""], "225": [""], "222": [""], "232": [""], "236": [""], "240": [""], "248": [""]}, "executed_branches": [], "missing_branches": []}, "ConnectionPoolSettings": {"executed_lines": [], "summary": {"covered_lines": 0, "num_statements": 0, "percent_covered": 100.0, "percent_covered_display": "100.00", "missing_lines": 0, "excluded_lines": 0, "num_branches": 0, "num_partial_branches": 0, "covered_branches": 0, "missing_branches": 0}, "missing_lines": [], "excluded_lines": [], "contexts": {"221": [""], "185": [""], "117": [""], "107": [""], "103": [""], "94": [""], "88": [""], "39": [""], "30": [""], "22": [""], "12": [""], "1": [""], "3": [""], "4": [""], "5": [""], "6": [""], "8": [""], "9": [""], "13": [""], "14": [""], "15": [""], "16": [""], "17": [""], "18": [""], "19": [""], "23": [""], "24": [""], "25": [""], "26": [""], "27": [""], "31": [""], "32": [""], "33": [""], "34": [""], "35": [""], "36": [""], "40": [""], "42": [""], "43": [""], "52": [""], "44": [""], "45": [""], "46": [""], "47": [""], "48": [""], "53": [""], "54": [""], "55": [""], "56": [""], "57": [""], "58": [""], "61": [""], "64": [""], "65": [""], "66": [""], "67": [""], "70": [""], "71": [""], "72": [""], "75": [""], "76": [""], "79": [""], "80": [""], "81": [""], "82": [""], "84": [""], "85": [""], "86": [""], "90": [""], "91": [""], "92": [""], "98": [""], "96": [""], "99": [""], "100": [""], "105": [""], "113": [""], "108": [""], "110": [""], "114": [""], "115": [""], "123": [""], "118": [""], "121": [""], "119": [""], "120": [""], "124": [""], "166": [""], "167": [""], "186": [""], "246": [""], "188": [""], "189": [""], "197": [""], "190": [""], "191": [""], "192": [""], "193": [""], "198": [""], "199": [""], "200": [""], "203": [""], "206": [""], "207": [""], "210": [""], "211": [""], "214": [""], "215": [""], "217": [""], "218": [""], "219": [""], "225": [""], "222": [""], "232": [""], "236": [""], "240": [""], "248": [""]}, "executed_branches": [], "missing_branches": []}, "DatabaseConfig": {"executed_lines": [88, 94, 96, 103, 107, 108, 110, 117, 118, 119, 120, 121], "summary": {"covered_lines": 0, "num_statements": 0, "percent_covered": 100.0, "percent_covered_display": "100.00", "missing_lines": 0, "excluded_lines": 76, "num_branches": 0, "num_partial_branches": 0, "covered_branches": 0, "missing_branches": 0}, "missing_lines": [], "excluded_lines": [87, 88, 93, 94, 95, 96, 101, 102, 103, 106, 107, 108, 109, 110, 111, 116, 117, 118, 119, 120, 121, 125, 126, 127, 128, 129, 130, 131, 132, 133, 134, 135, 136, 137, 138, 139, 140, 141, 142, 143, 144, 145, 146, 147, 148, 149, 150, 151, 152, 153, 154, 155, 156, 157, 158, 159, 160, 161, 162, 163, 164, 168, 169, 170, 171, 172, 173, 174, 175, 176, 177, 178, 179, 180, 181, 182], "contexts": {"221": [""], "185": [""], "117": [""], "107": [""], "103": [""], "94": [""], "88": [""], "39": [""], "30": [""], "22": [""], "12": [""], "1": [""], "3": [""], "4": [""], "5": [""], "6": [""], "8": [""], "9": [""], "13": [""], "14": [""], "15": [""], "16": [""], "17": [""], "18": [""], "19": [""], "23": [""], "24": [""], "25": [""], "26": [""], "27": [""], "31": [""], "32": [""], "33": [""], "34": [""], "35": [""], "36": [""], "40": [""], "42": [""], "43": [""], "52": [""], "44": [""], "45": [""], "46": [""], "47": [""], "48": [""], "53": [""], "54": [""], "55": [""], "56": [""], "57": [""], "58": [""], "61": [""], "64": [""], "65": [""], "66": [""], "67": [""], "70": [""], "71": [""], "72": [""], "75": [""], "76": [""], "79": [""], "80": [""], "81": [""], "82": [""], "84": [""], "85": [""], "86": [""], "90": [""], "91": [""], "92": [""], "98": [""], "96": [""], "99": [""], "100": [""], "105": [""], "113": [""], "108": [""], "110": [""], "114": [""], "115": [""], "123": [""], "118": [""], "121": [""], "119": [""], "120": [""], "124": [""], "166": [""], "167": [""], "186": [""], "246": [""], "188": [""], "189": [""], "197": [""], "190": [""], "191": [""], "192": [""], "193": [""], "198": [""], "199": [""], "200": [""], "203": [""], "206": [""], "207": [""], "210": [""], "211": [""], "214": [""], "215": [""], "217": [""], "218": [""], "219": [""], "225": [""], "222": [""], "232": [""], "236": [""], "240": [""], "248": [""]}, "executed_branches": [], "missing_branches": []}, "Settings": {"executed_lines": [221, 222], "summary": {"covered_lines": 0, "num_statements": 0, "percent_covered": 100.0, "percent_covered_display": "100.00", "missing_lines": 0, "excluded_lines": 15, "num_branches": 0, "num_partial_branches": 0, "covered_branches": 0, "missing_branches": 0}, "missing_lines": [], "excluded_lines": [220, 221, 222, 223, 226, 227, 228, 229, 230, 233, 234, 237, 238, 241, 242], "contexts": {"221": [""], "185": [""], "117": [""], "107": [""], "103": [""], "94": [""], "88": [""], "39": [""], "30": [""], "22": [""], "12": [""], "1": [""], "3": [""], "4": [""], "5": [""], "6": [""], "8": [""], "9": [""], "13": [""], "14": [""], "15": [""], "16": [""], "17": [""], "18": [""], "19": [""], "23": [""], "24": [""], "25": [""], "26": [""], "27": [""], "31": [""], "32": [""], "33": [""], "34": [""], "35": [""], "36": [""], "40": [""], "42": [""], "43": [""], "52": [""], "44": [""], "45": [""], "46": [""], "47": [""], "48": [""], "53": [""], "54": [""], "55": [""], "56": [""], "57": [""], "58": [""], "61": [""], "64": [""], "65": [""], "66": [""], "67": [""], "70": [""], "71": [""], "72": [""], "75": [""], "76": [""], "79": [""], "80": [""], "81": [""], "82": [""], "84": [""], "85": [""], "86": [""], "90": [""], "91": [""], "92": [""], "98": [""], "96": [""], "99": [""], "100": [""], "105": [""], "113": [""], "108": [""], "110": [""], "114": [""], "115": [""], "123": [""], "118": [""], "121": [""], "119": [""], "120": [""], "124": [""], "166": [""], "167": [""], "186": [""], "246": [""], "188": [""], "189": [""], "197": [""], "190": [""], "191": [""], "192": [""], "193": [""], "198": [""], "199": [""], "200": [""], "203": [""], "206": [""], "207": [""], "210": [""], "211": [""], "214": [""], "215": [""], "217": [""], "218": [""], "219": [""], "225": [""], "222": [""], "232": [""], "236": [""], "240": [""], "248": [""]}, "executed_branches": [], "missing_branches": []}, "": {"executed_lines": [1, 3, 4, 5, 6, 8, 9, 12, 13, 14, 15, 16, 17, 18, 19, 22, 23, 24, 25, 26, 27, 30, 31, 32, 33, 34, 35, 36, 39, 40, 42, 52, 53, 54, 55, 56, 57, 58, 61, 64, 65, 66, 67, 70, 71, 72, 75, 76, 79, 80, 81, 82, 84, 85, 86, 90, 91, 92, 98, 99, 100, 105, 113, 114, 115, 123, 124, 166, 167, 185, 186, 188, 197, 198, 199, 200, 203, 206, 207, 210, 211, 214, 215, 217, 218, 219, 225, 232, 236, 240, 246, 248], "summary": {"covered_lines": 0, "num_statements": 0, "percent_covered": 100.0, "percent_covered_display": "100.00", "missing_lines": 0, "excluded_lines": 147, "num_branches": 0, "num_partial_branches": 0, "covered_branches": 0, "missing_branches": 0}, "missing_lines": [], "excluded_lines": [1, 3, 4, 5, 6, 8, 9, 12, 13, 14, 15, 16, 17, 18, 19, 22, 23, 24, 25, 26, 27, 30, 31, 32, 33, 34, 35, 36, 39, 40, 41, 42, 43, 44, 45, 46, 47, 48, 49, 50, 51, 52, 53, 54, 55, 56, 57, 58, 59, 60, 61, 62, 63, 64, 65, 66, 67, 68, 69, 70, 71, 72, 73, 74, 75, 76, 77, 78, 79, 80, 81, 82, 83, 84, 85, 86, 89, 90, 91, 92, 97, 98, 99, 100, 104, 105, 112, 113, 114, 115, 122, 123, 124, 165, 166, 167, 185, 186, 187, 188, 189, 190, 191, 192, 193, 194, 195, 196, 197, 198, 199, 200, 201, 202, 203, 204, 205, 206, 207, 208, 209, 210, 211, 212, 213, 214, 215, 216, 217, 218, 219, 224, 225, 231, 232, 235, 236, 239, 240, 245, 246, 248, 249, 250, 251, 252, 253], "contexts": {"221": [""], "185": [""], "117": [""], "107": [""], "103": [""], "94": [""], "88": [""], "39": [""], "30": [""], "22": [""], "12": [""], "1": [""], "3": [""], "4": [""], "5": [""], "6": [""], "8": [""], "9": [""], "13": [""], "14": [""], "15": [""], "16": [""], "17": [""], "18": [""], "19": [""], "23": [""], "24": [""], "25": [""], "26": [""], "27": [""], "31": [""], "32": [""], "33": [""], "34": [""], "35": [""], "36": [""], "40": [""], "42": [""], "43": [""], "52": [""], "44": [""], "45": [""], "46": [""], "47": [""], "48": [""], "53": [""], "54": [""], "55": [""], "56": [""], "57": [""], "58": [""], "61": [""], "64": [""], "65": [""], "66": [""], "67": [""], "70": [""], "71": [""], "72": [""], "75": [""], "76": [""], "79": [""], "80": [""], "81": [""], "82": [""], "84": [""], "85": [""], "86": [""], "90": [""], "91": [""], "92": [""], "98": [""], "96": [""], "99": [""], "100": [""], "105": [""], "113": [""], "108": [""], "110": [""], "114": [""], "115": [""], "123": [""], "118": [""], "121": [""], "119": [""], "120": [""], "124": [""], "166": [""], "167": [""], "186": [""], "246": [""], "188": [""], "189": [""], "197": [""], "190": [""], "191": [""], "192": [""], "193": [""], "198": [""], "199": [""], "200": [""], "203": [""], "206": [""], "207": [""], "210": [""], "211": [""], "214": [""], "215": [""], "217": [""], "218": [""], "219": [""], "225": [""], "222": [""], "232": [""], "236": [""], "240": [""], "248": [""]}, "executed_branches": [], "missing_branches": []}}}, "src/vgnc_internal_orm/models/__init__.py": {"executed_lines": [1, 3, 4, 5, 6, 7, 8, 9, 22], "summary": {"covered_lines": 0, "num_statements": 0, "percent_covered": 100.0, "percent_covered_display": "100.00", "missing_lines": 0, "excluded_lines": 10, "num_branches": 0, "num_partial_branches": 0, "covered_branches": 0, "missing_branches": 0}, "missing_lines": [], "excluded_lines": [1, 3, 4, 5, 6, 7, 8, 9, 20, 22], "contexts": {"1": [""], "3": [""], "4": [""], "5": [""], "6": [""], "7": [""], "8": [""], "9": [""], "22": [""]}, "executed_branches": [], "missing_branches": [], "functions": {"": {"executed_lines": [1, 3, 4, 5, 6, 7, 8, 9, 22], "summary": {"covered_lines": 0, "num_statements": 0, "percent_covered": 100.0, "percent_covered_display": "100.00", "missing_lines": 0, "excluded_lines": 10, "num_branches": 0, "num_partial_branches": 0, "covered_branches": 0, "missing_branches": 0}, "missing_lines": [], "excluded_lines": [1, 3, 4, 5, 6, 7, 8, 9, 20, 22], "contexts": {"1": [""], "3": [""], "4": [""], "5": [""], "6": [""], "7": [""], "8": [""], "9": [""], "22": [""]}, "executed_branches": [], "missing_branches": []}}, "classes": {"": {"executed_lines": [1, 3, 4, 5, 6, 7, 8, 9, 22], "summary": {"covered_lines": 0, "num_statements": 0, "percent_covered": 100.0, "percent_covered_display": "100.00", "missing_lines": 0, "excluded_lines": 10, "num_branches": 0, "num_partial_branches": 0, "covered_branches": 0, "missing_branches": 0}, "missing_lines": [], "excluded_lines": [1, 3, 4, 5, 6, 7, 8, 9, 20, 22], "contexts": {"1": [""], "3": [""], "4": [""], "5": [""], "6": [""], "7": [""], "8": [""], "9": [""], "22": [""]}, "executed_branches": [], "missing_branches": []}}}, "src/vgnc_internal_orm/models/assembly.py": {"executed_lines": [1, 6, 7, 8, 10, 12, 17, 18, 24, 27, 35, 43, 49, 56, 62, 69, 75, 82, 96, 100, 103, 104, 108, 109, 113, 114, 118, 119, 127], "summary": {"covered_lines": 0, "num_statements": 0, "percent_covered": 100.0, "percent_covered_display": "100.00", "missing_lines": 0, "excluded_lines": 134, "num_branches": 0, "num_partial_branches": 0, "covered_branches": 0, "missing_branches": 0}, "missing_lines": [], "excluded_lines": [1, 6, 7, 8, 10, 12, 13, 14, 17, 18, 19, 20, 21, 22, 23, 24, 25, 26, 27, 28, 29, 30, 31, 32, 33, 34, 35, 36, 37, 38, 39, 40, 41, 42, 43, 44, 45, 46, 47, 48, 49, 50, 51, 52, 53, 54, 55, 56, 57, 58, 59, 60, 61, 62, 63, 64, 65, 66, 67, 68, 69, 70, 71, 72, 73, 74, 75, 76, 77, 78, 79, 80, 81, 82, 83, 84, 85, 86, 87, 88, 89, 90, 91, 92, 93, 94, 95, 96, 97, 98, 99, 100, 101, 102, 103, 104, 105, 106, 107, 108, 109, 110, 111, 112, 113, 114, 115, 116, 117, 118, 119, 120, 121, 122, 123, 124, 125, 126, 127, 128, 129, 130, 131, 132, 133, 134, 135, 136, 137, 138, 139, 140, 141, 142], "contexts": {"17": [""], "1": [""], "6": [""], "7": [""], "8": [""], "10": [""], "12": [""], "18": [""], "24": [""], "27": [""], "28": [""], "35": [""], "29": [""], "30": [""], "31": [""], "36": [""], "43": [""], "37": [""], "38": [""], "39": [""], "44": [""], "49": [""], "45": [""], "46": [""], "50": [""], "56": [""], "51": [""], "52": [""], "57": [""], "62": [""], "58": [""], "59": [""], "63": [""], "69": [""], "64": [""], "65": [""], "70": [""], "75": [""], "71": [""], "72": [""], "76": [""], "82": [""], "77": [""], "78": [""], "83": [""], "97": [""], "84": [""], "85": [""], "96": [""], "100": [""], "103": [""], "104": [""], "108": [""], "109": [""], "113": [""], "114": [""], "118": [""], "119": [""], "127": [""]}, "executed_branches": [], "missing_branches": [], "functions": {"Assembly.__repr__": {"executed_lines": [], "summary": {"covered_lines": 0, "num_statements": 0, "percent_covered": 100.0, "percent_covered_display": "100.00", "missing_lines": 0, "excluded_lines": 1, "num_branches": 0, "num_partial_branches": 0, "covered_branches": 0, "missing_branches": 0}, "missing_lines": [], "excluded_lines": [101], "contexts": {"17": [""], "1": [""], "6": [""], "7": [""], "8": [""], "10": [""], "12": [""], "18": [""], "24": [""], "27": [""], "28": [""], "35": [""], "29": [""], "30": [""], "31": [""], "36": [""], "43": [""], "37": [""], "38": [""], "39": [""], "44": [""], "49": [""], "45": [""], "46": [""], "50": [""], "56": [""], "51": [""], "52": [""], "57": [""], "62": [""], "58": [""], "59": [""], "63": [""], "69": [""], "64": [""], "65": [""], "70": [""], "75": [""], "71": [""], "72": [""], "76": [""], "82": [""], "77": [""], "78": [""], "83": [""], "97": [""], "84": [""], "85": [""], "96": [""], "100": [""], "103": [""], "104": [""], "108": [""], "109": [""], "113": [""], "114": [""], "118": [""], "119": [""], "127": [""]}, "executed_branches": [], "missing_branches": []}, "Assembly.accession": {"executed_lines": [], "summary": {"covered_lines": 0, "num_statements": 0, "percent_covered": 100.0, "percent_covered_display": "100.00", "missing_lines": 0, "excluded_lines": 2, "num_branches": 0, "num_partial_branches": 0, "covered_branches": 0, "missing_branches": 0}, "missing_lines": [], "excluded_lines": [105, 106], "contexts": {"17": [""], "1": [""], "6": [""], "7": [""], "8": [""], "10": [""], "12": [""], "18": [""], "24": [""], "27": [""], "28": [""], "35": [""], "29": [""], "30": [""], "31": [""], "36": [""], "43": [""], "37": [""], "38": [""], "39": [""], "44": [""], "49": [""], "45": [""], "46": [""], "50": [""], "56": [""], "51": [""], "52": [""], "57": [""], "62": [""], "58": [""], "59": [""], "63": [""], "69": [""], "64": [""], "65": [""], "70": [""], "75": [""], "71": [""], "72": [""], "76": [""], "82": [""], "77": [""], "78": [""], "83": [""], "97": [""], "84": [""], "85": [""], "96": [""], "100": [""], "103": [""], "104": [""], "108": [""], "109": [""], "113": [""], "114": [""], "118": [""], "119": [""], "127": [""]}, "executed_branches": [], "missing_branches": []}, "Assembly.species_name": {"executed_lines": [], "summary": {"covered_lines": 0, "num_statements": 0, "percent_covered": 100.0, "percent_covered_display": "100.00", "missing_lines": 0, "excluded_lines": 2, "num_branches": 0, "num_partial_branches": 0, "covered_branches": 0, "missing_branches": 0}, "missing_lines": [], "excluded_lines": [110, 111], "contexts": {"17": [""], "1": [""], "6": [""], "7": [""], "8": [""], "10": [""], "12": [""], "18": [""], "24": [""], "27": [""], "28": [""], "35": [""], "29": [""], "30": [""], "31": [""], "36": [""], "43": [""], "37": [""], "38": [""], "39": [""], "44": [""], "49": [""], "45": [""], "46": [""], "50": [""], "56": [""], "51": [""], "52": [""], "57": [""], "62": [""], "58": [""], "59": [""], "63": [""], "69": [""], "64": [""], "65": [""], "70": [""], "75": [""], "71": [""], "72": [""], "76": [""], "82": [""], "77": [""], "78": [""], "83": [""], "97": [""], "84": [""], "85": [""], "96": [""], "100": [""], "103": [""], "104": [""], "108": [""], "109": [""], "113": [""], "114": [""], "118": [""], "119": [""], "127": [""]}, "executed_branches": [], "missing_branches": []}, "Assembly.is_active": {"executed_lines": [], "summary": {"covered_lines": 0, "num_statements": 0, "percent_covered": 100.0, "percent_covered_display": "100.00", "missing_lines": 0, "excluded_lines": 2, "num_branches": 0, "num_partial_branches": 0, "covered_branches": 0, "missing_branches": 0}, "missing_lines": [], "excluded_lines": [115, 116], "contexts": {"17": [""], "1": [""], "6": [""], "7": [""], "8": [""], "10": [""], "12": [""], "18": [""], "24": [""], "27": [""], "28": [""], "35": [""], "29": [""], "30": [""], "31": [""], "36": [""], "43": [""], "37": [""], "38": [""], "39": [""], "44": [""], "49": [""], "45": [""], "46": [""], "50": [""], "56": [""], "51": [""], "52": [""], "57": [""], "62": [""], "58": [""], "59": [""], "63": [""], "69": [""], "64": [""], "65": [""], "70": [""], "75": [""], "71": [""], "72": [""], "76": [""], "82": [""], "77": [""], "78": [""], "83": [""], "97": [""], "84": [""], "85": [""], "96": [""], "100": [""], "103": [""], "104": [""], "108": [""], "109": [""], "113": [""], "114": [""], "118": [""], "119": [""], "127": [""]}, "executed_branches": [], "missing_branches": []}, "Assembly.full_name": {"executed_lines": [], "summary": {"covered_lines": 0, "num_statements": 0, "percent_covered": 100.0, "percent_covered_display": "100.00", "missing_lines": 0, "excluded_lines": 6, "num_branches": 0, "num_partial_branches": 0, "covered_branches": 0, "missing_branches": 0}, "missing_lines": [], "excluded_lines": [120, 121, 122, 123, 124, 125], "contexts": {"17": [""], "1": [""], "6": [""], "7": [""], "8": [""], "10": [""], "12": [""], "18": [""], "24": [""], "27": [""], "28": [""], "35": [""], "29": [""], "30": [""], "31": [""], "36": [""], "43": [""], "37": [""], "38": [""], "39": [""], "44": [""], "49": [""], "45": [""], "46": [""], "50": [""], "56": [""], "51": [""], "52": [""], "57": [""], "62": [""], "58": [""], "59": [""], "63": [""], "69": [""], "64": [""], "65": [""], "70": [""], "75": [""], "71": [""], "72": [""], "76": [""], "82": [""], "77": [""], "78": [""], "83": [""], "97": [""], "84": [""], "85": [""], "96": [""], "100": [""], "103": [""], "104": [""], "108": [""], "109": [""], "113": [""], "114": [""], "118": [""], "119": [""], "127": [""]}, "executed_branches": [], "missing_branches": []}, "Assembly.to_dict": {"executed_lines": [], "summary": {"covered_lines": 0, "num_statements": 0, "percent_covered": 100.0, "percent_covered_display": "100.00", "missing_lines": 0, "excluded_lines": 15, "num_branches": 0, "num_partial_branches": 0, "covered_branches": 0, "missing_branches": 0}, "missing_lines": [], "excluded_lines": [128, 129, 130, 131, 132, 133, 134, 135, 136, 137, 138, 139, 140, 141, 142], "contexts": {"17": [""], "1": [""], "6": [""], "7": [""], "8": [""], "10": [""], "12": [""], "18": [""], "24": [""], "27": [""], "28": [""], "35": [""], "29": [""], "30": [""], "31": [""], "36": [""], "43": [""], "37": [""], "38": [""], "39": [""], "44": [""], "49": [""], "45": [""], "46": [""], "50": [""], "56": [""], "51": [""], "52": [""], "57": [""], "62": [""], "58": [""], "59": [""], "63": [""], "69": [""], "64": [""], "65": [""], "70": [""], "75": [""], "71": [""], "72": [""], "76": [""], "82": [""], "77": [""], "78": [""], "83": [""], "97": [""], "84": [""], "85": [""], "96": [""], "100": [""], "103": [""], "104": [""], "108": [""], "109": [""], "113": [""], "114": [""], "118": [""], "119": [""], "127": [""]}, "executed_branches": [], "missing_branches": []}, "": {"executed_lines": [1, 6, 7, 8, 10, 12, 17, 18, 24, 27, 35, 43, 49, 56, 62, 69, 75, 82, 96, 100, 103, 104, 108, 109, 113, 114, 118, 119, 127], "summary": {"covered_lines": 0, "num_statements": 0, "percent_covered": 100.0, "percent_covered_display": "100.00", "missing_lines": 0, "excluded_lines": 106, "num_branches": 0, "num_partial_branches": 0, "covered_branches": 0, "missing_branches": 0}, "missing_lines": [], "excluded_lines": [1, 6, 7, 8, 10,
[...]
]}, "SessionFactory.create_async_session": {"executed_lines": [], "summary": {"covered_lines": 0, "num_statements": 0, "percent_covered": 100.0, "percent_covered_display": "100.00", "missing_lines": 0, "excluded_lines": 2, "num_branches": 0, "num_partial_branches": 0, "covered_branches": 0, "missing_branches": 0}, "missing_lines": [], "excluded_lines": [299, 300], "contexts": {}, "executed_branches": [], "missing_branches": []}, "SessionFactory.close_all_sessions": {"executed_lines": [], "summary": {"covered_lines": 0, "num_statements": 0, "percent_covered": 100.0, "percent_covered_display": "100.00", "missing_lines": 0, "excluded_lines": 6, "num_branches": 0, "num_partial_branches": 0, "covered_branches": 0, "missing_branches": 0}, "missing_lines": [], "excluded_lines": [303, 304, 305, 306, 307, 308], "contexts": {}, "executed_branches": [], "missing_branches": []}, "SessionFactory.dispose_engine": {"executed_lines": [], "summary": {"covered_lines": 0, "num_statements": 0, "percent_covered": 100.0, "percent_covered_display": "100.00", "missing_lines": 0, "excluded_lines": 7, "num_branches": 0, "num_partial_branches": 0, "covered_branches": 0, "missing_branches": 0}, "missing_lines": [], "excluded_lines": [311, 312, 313, 314, 315, 316, 317], "contexts": {}, "executed_branches": [], "missing_branches": []}, "SessionFactory.health_check": {"executed_lines": [], "summary": {"covered_lines": 0, "num_statements": 0, "percent_covered": 100.0, "percent_covered_display": "100.00", "missing_lines": 0, "excluded_lines": 8, "num_branches": 0, "num_partial_branches": 0, "covered_branches": 0, "missing_branches": 0}, "missing_lines": [], "excluded_lines": [320, 321, 322, 323, 324, 325, 326, 327], "contexts": {}, "executed_branches": [], "missing_branches": []}, "SessionFactory.async_health_check": {"executed_lines": [], "summary": {"covered_lines": 0, "num_statements": 0, "percent_covered": 100.0, "percent_covered_display": "100.00", "missing_lines": 0, "excluded_lines": 8, "num_branches": 0, "num_partial_branches": 0, "covered_branches": 0, "missing_branches": 0}, "missing_lines": [], "excluded_lines": [330, 331, 332, 333, 334, 335, 336, 337], "contexts": {}, "executed_branches": [], "missing_branches": []}, "SessionFactory.get_engine_info": {"executed_lines": [], "summary": {"covered_lines": 0, "num_statements": 0, "percent_covered": 100.0, "percent_covered_display": "100.00", "missing_lines": 0, "excluded_lines": 15, "num_branches": 0, "num_partial_branches": 0, "covered_branches": 0, "missing_branches": 0}, "missing_lines": [], "excluded_lines": [340, 341, 342, 343, 344, 345, 346, 347, 348, 349, 350, 351, 352, 353, 354], "contexts": {}, "executed_branches": [], "missing_branches": []}, "SessionFactory.get_pool_status": {"executed_lines": [], "summary": {"covered_lines": 0, "num_statements": 0, "percent_covered": 100.0, "percent_covered_display": "100.00", "missing_lines": 0, "excluded_lines": 22, "num_branches": 0, "num_partial_branches": 0, "covered_branches": 0, "missing_branches": 0}, "missing_lines": [], "excluded_lines": [357, 358, 359, 360, 361, 362, 363, 364, 365, 366, 367, 368, 369, 370, 371, 372, 373, 374, 375, 376, 377, 378], "contexts": {}, "executed_branches": [], "missing_branches": []}, "get_session_factory": {"executed_lines": [], "summary": {"covered_lines": 0, "num_statements": 0, "percent_covered": 100.0, "percent_covered_display": "100.00", "missing_lines": 0, "excluded_lines": 5, "num_branches": 0, "num_partial_branches": 0, "covered_branches": 0, "missing_branches": 0}, "missing_lines": [], "excluded_lines": [385, 386, 387, 388, 389], "contexts": {}, "executed_branches": [], "missing_branches": []}, "engine_from_config": {"executed_lines": [], "summary": {"covered_lines": 0, "num_statements": 0, "percent_covered": 100.0, "percent_covered_display": "100.00", "missing_lines": 0, "excluded_lines": 10, "num_branches": 0, "num_partial_branches": 0, "covered_branches": 0, "missing_branches": 0}, "missing_lines": [], "excluded_lines": [395, 396, 397, 398, 399, 400, 401, 402, 403, 404], "contexts": {}, "executed_branches": [], "missing_branches": []}, "async_engine_from_config": {"executed_lines": [], "summary": {"covered_lines": 0, "num_statements": 0, "percent_covered": 100.0, "percent_covered_display": "100.00", "missing_lines": 0, "excluded_lines": 10, "num_branches": 0, "num_partial_branches": 0, "covered_branches": 0, "missing_branches": 0}, "missing_lines": [], "excluded_lines": [408, 409, 410, 411, 412, 413, 414, 415, 416, 417], "contexts": {}, "executed_branches": [], "missing_branches": []}, "get_session": {"executed_lines": [], "summary": {"covered_lines": 0, "num_statements": 0, "percent_covered": 100.0, "percent_covered_display": "100.00", "missing_lines": 0, "excluded_lines": 14, "num_branches": 0, "num_partial_branches": 0, "covered_branches": 0, "missing_branches": 0}, "missing_lines": [], "excluded_lines": [421, 422, 423, 424, 425, 426, 427, 428, 429, 430, 431, 432, 433, 434], "contexts": {}, "executed_branches": [], "missing_branches": []}, "get_async_session": {"executed_lines": [], "summary": {"covered_lines": 0, "num_statements": 0, "percent_covered": 100.0, "percent_covered_display": "100.00", "missing_lines": 0, "excluded_lines": 14, "num_branches": 0, "num_partial_branches": 0, "covered_branches": 0, "missing_branches": 0}, "missing_lines": [], "excluded_lines": [438, 439, 440, 441, 442, 443, 444, 445, 446, 447, 448, 449, 450, 451], "contexts": {}, "executed_branches": [], "missing_branches": []}, "create_session_factory_with_config": {"executed_lines": [], "summary": {"covered_lines": 0, "num_statements": 0, "percent_covered": 100.0, "percent_covered_display": "100.00", "missing_lines": 0, "excluded_lines": 9, "num_branches": 0, "num_partial_branches": 0, "covered_branches": 0, "missing_branches": 0}, "missing_lines": [], "excluded_lines": [455, 456, 457, 458, 459, 460, 461, 462, 463], "contexts": {}, "executed_branches": [], "missing_branches": []}, "health_check_from_config": {"executed_lines": [], "summary": {"covered_lines": 0, "num_statements": 0, "percent_covered": 100.0, "percent_covered_display": "100.00", "missing_lines": 0, "excluded_lines": 10, "num_branches": 0, "num_partial_branches": 0, "covered_branches": 0, "missing_branches": 0}, "missing_lines": [], "excluded_lines": [467, 468, 469, 470, 471, 472, 473, 474, 475, 476], "contexts": {}, "executed_branches": [], "missing_branches": []}, "async_health_check_from_config": {"executed_lines": [], "summary": {"covered_lines": 0, "num_statements": 0, "percent_covered": 100.0, "percent_covered_display": "100.00", "missing_lines": 0, "excluded_lines": 10, "num_branches": 0, "num_partial_branches": 0, "covered_branches": 0, "missing_branches": 0}, "missing_lines": [], "excluded_lines": [480, 481, 482, 483, 484, 485, 486, 487, 488, 489], "contexts": {}, "executed_branches": [], "missing_branches": []}, "get_engine_info_from_config": {"executed_lines": [], "summary": {"covered_lines": 0, "num_statements": 0, "percent_covered": 100.0, "percent_covered_display": "100.00", "missing_lines": 0, "excluded_lines": 10, "num_branches": 0, "num_partial_branches": 0, "covered_branches": 0, "missing_branches": 0}, "missing_lines": [], "excluded_lines": [493, 494, 495, 496, 497, 498, 499, 500, 501, 502], "contexts": {}, "executed_branches": [], "missing_branches": []}, "get_pool_status_from_config": {"executed_lines": [], "summary": {"covered_lines": 0, "num_statements": 0, "percent_covered": 100.0, "percent_covered_display": "100.00", "missing_lines": 0, "excluded_lines": 10, "num_branches": 0, "num_partial_branches": 0, "covered_branches": 0, "missing_branches": 0}, "missing_lines": [], "excluded_lines": [506, 507, 508, 509, 510, 511, 512, 513, 514, 515], "contexts": {}, "executed_branches": [], "missing_branches": []}, "get_session_context": {"executed_lines": [], "summary": {"covered_lines": 0, "num_statements": 0, "percent_covered": 100.0, "percent_covered_display": "100.00", "missing_lines": 0, "excluded_lines": 23, "num_branches": 0, "num_partial_branches": 0, "covered_branches": 0, "missing_branches": 0}, "missing_lines": [], "excluded_lines": [526, 527, 528, 529, 530, 531, 532, 533, 534, 535, 536, 537, 538, 539, 540, 541, 542, 543, 544, 545, 546, 547, 548], "contexts": {}, "executed_branches": [], "missing_branches": []}, "get_async_session_context": {"executed_lines": [], "summary": {"covered_lines": 0, "num_statements": 0, "percent_covered": 100.0, "percent_covered_display": "100.00", "missing_lines": 0, "excluded_lines": 23, "num_branches": 0, "num_partial_branches": 0, "covered_branches": 0, "missing_branches": 0}, "missing_lines": [], "excluded_lines": [553, 554, 555, 556, 557, 558, 559, 560, 561, 562, 563, 564, 565, 566, 567, 568, 569, 570, 571, 572, 573, 574, 575], "contexts": {}, "executed_branches": [], "missing_branches": []}, "check_database_connection": {"executed_lines": [], "summary": {"covered_lines": 0, "num_statements": 0, "percent_covered": 100.0, "percent_covered_display": "100.00", "missing_lines": 0, "excluded_lines": 15, "num_branches": 0, "num_partial_branches": 0, "covered_branches": 0, "missing_branches": 0}, "missing_lines": [], "excluded_lines": [581, 582, 583, 584, 585, 586, 587, 588, 589, 590, 591, 592, 593, 594, 595], "contexts": {}, "executed_branches": [], "missing_branches": []}, "check_async_database_connection": {"executed_lines": [], "summary": {"covered_lines": 0, "num_statements": 0, "percent_covered": 100.0, "percent_covered_display": "100.00", "missing_lines": 0, "excluded_lines": 15, "num_branches": 0, "num_partial_branches": 0, "covered_branches": 0, "missing_branches": 0}, "missing_lines": [], "excluded_lines": [599, 600, 601, 602, 603, 604, 605, 606, 607, 608, 609, 610, 611, 612, 613], "contexts": {}, "executed_branches": [], "missing_branches": []}, "": {"executed_lines": [], "summary": {"covered_lines": 0, "num_statements": 0, "percent_covered": 100.0, "percent_covered_display": "100.00", "missing_lines": 0, "excluded_lines": 75, "num_branches": 0, "num_partial_branches": 0, "covered_branches": 0, "missing_branches": 0}, "missing_lines": [], "excluded_lines": [1, 3, 4, 6, 7, 8, 9, 10, 12, 14, 17, 18, 19, 20, 27, 28, 84, 85, 119, 120, 161, 162, 189, 190, 248, 249, 250, 257, 258, 259, 266, 267, 268, 280, 281, 282, 293, 294, 297, 298, 301, 302, 309, 310, 318, 319, 328, 329, 338, 339, 355, 356, 381, 382, 384, 392, 394, 407, 420, 437, 454, 466, 479, 492, 505, 518, 520, 521, 524, 525, 551, 552, 578, 580, 598], "contexts": {}, "executed_branches": [], "missing_branches": []}}, "classes": {"SessionFactory": {"executed_lines": [], "summary": {"covered_lines": 0, "num_statements": 0, "percent_covered": 100.0, "percent_covered_display": "100.00", "missing_lines": 0, "excluded_lines": 320, "num_branches": 0, "num_partial_branches": 0, "covered_branches": 0, "missing_branches": 0}, "missing_lines": [], "excluded_lines": [21, 22, 23, 24, 25, 26, 29, 30, 31, 32, 33, 34, 35, 36, 37, 38, 39, 40, 41, 42, 43, 44, 45, 46, 47, 48, 49, 50, 51, 52, 53, 54, 55, 56, 57, 58, 59, 60, 61, 62, 63, 64, 65, 66, 67, 68, 69, 70, 71, 72, 73, 74, 75, 76, 77, 78, 79, 80, 81, 82, 83, 86, 87, 88, 89, 90, 91, 92, 93, 94, 95, 96, 97, 98, 99, 100, 101, 102, 103, 104, 105, 106, 107, 108, 109, 110, 111, 112, 113, 114, 115, 116, 117, 118, 121, 122, 123, 124, 125, 126, 127, 128, 129, 130, 131, 132, 133, 134, 135, 136, 137, 138, 139, 140, 141, 142, 143, 144, 145, 146, 147, 148, 149, 150, 151, 152, 153, 154, 155, 156, 157, 158, 159, 160, 163, 164, 165, 166, 167, 168, 169, 170, 171, 172, 173, 174, 175, 176, 177, 178, 179, 180, 181, 182, 183, 184, 185, 186, 187, 188, 191, 192, 193, 194, 195, 196, 197, 198, 199, 200, 201, 202, 203, 204, 205, 206, 207, 208, 209, 210, 211, 212, 213, 214, 215, 216, 217, 218, 219, 220, 221, 222, 223, 224, 225, 226, 227, 228, 229, 230, 231, 232, 233, 234, 235, 236, 237, 238, 239, 240, 241, 242, 243, 244, 245, 246, 247, 251, 252, 253, 254, 255, 256, 260, 261, 262, 263, 264, 265, 269, 270, 271, 272, 273, 274, 275, 276, 277, 278, 279, 283, 284, 285, 286, 287, 288, 289, 290, 291, 292, 295, 296, 299, 300, 303, 304, 305, 306, 307, 308, 311, 312, 313, 314, 315, 316, 317, 320, 321, 322, 323, 324, 325, 326, 327, 330, 331, 332, 333, 334, 335, 336, 337, 340, 341, 342, 343, 344, 345, 346, 347, 348, 349, 350, 351, 352, 353, 354, 357, 358, 359, 360, 361, 362, 363, 364, 365, 366, 367, 368, 369, 370, 371, 372, 373, 374, 375, 376, 377, 378], "contexts": {}, "executed_branches": [], "missing_branches": []}, "": {"executed_lines": [], "summary": {"covered_lines": 0, "num_statements": 0, "percent_covered": 100.0, "percent_covered_display": "100.00", "missing_lines": 0, "excluded_lines": 253, "num_branches": 0, "num_partial_branches": 0, "covered_branches": 0, "missing_branches": 0}, "missing_lines": [], "excluded_lines": [1, 3, 4, 6, 7, 8, 9, 10, 12, 14, 17, 18, 19, 20, 27, 28, 84, 85, 119, 120, 161, 162, 189, 190, 248, 249, 250, 257, 258, 259, 266, 267, 268, 280, 281, 282, 293, 294, 297, 298, 301, 302, 309, 310, 318, 319, 328, 329, 338, 339, 355, 356, 381, 382, 384, 385, 386, 387, 388, 389, 392, 394, 395, 396, 397, 398, 399, 400, 401, 402, 403, 404, 407, 408, 409, 410, 411, 412, 413, 414, 415, 416, 417, 420, 421, 422, 423, 424, 425, 426, 427, 428, 429, 430, 431, 432, 433, 434, 437, 438, 439, 440, 441, 442, 443, 444, 445, 446, 447, 448, 449, 450, 451, 454, 455, 456, 457, 458, 459, 460, 461, 462, 463, 466, 467, 468, 469, 470, 471, 472, 473, 474, 475, 476, 479, 480, 481, 482, 483, 484, 485, 486, 487, 488, 489, 492, 493, 494, 495, 496, 497, 498, 499, 500, 501, 502, 505, 506, 507, 508, 509, 510, 511, 512, 513, 514, 515, 518, 520, 521, 524, 525, 526, 527, 528, 529, 530, 531, 532, 533, 534, 535, 536, 537, 538, 539, 540, 541, 542, 543, 544, 545, 546, 547, 548, 551, 552, 553, 554, 555, 556, 557, 558, 559, 560, 561, 562, 563, 564, 565, 566, 567, 568, 569, 570, 571, 572, 573, 574, 575, 578, 580, 581, 582, 583, 584, 585, 586, 587, 588, 589, 590, 591, 592, 593, 594, 595, 598, 599, 600, 601, 602, 603, 604, 605, 606, 607, 608, 609, 610, 611, 612, 613], "contexts": {}, "executed_branches": [], "missing_branches": []}}}, "src/vgnc_internal_orm/sessions/manager.py": {"executed_lines": [], "summary": {"covered_lines": 0, "num_statements": 0, "percent_covered": 100.0, "percent_covered_display": "100.00", "missing_lines": 0, "excluded_lines": 57, "num_branches": 0, "num_partial_branches": 0, "covered_branches": 0, "missing_branches": 0}, "missing_lines": [], "excluded_lines": [1, 3, 4, 6, 8, 11, 12, 13, 14, 15, 16, 17, 18, 19, 20, 21, 22, 23, 24, 25, 26, 27, 28, 29, 30, 31, 32, 33, 34, 35, 36, 37, 38, 39, 40, 41, 42, 43, 44, 45, 46, 47, 48, 49, 50, 51, 52, 53, 54, 57, 58, 60, 61, 62, 63, 64, 65], "contexts": {}, "executed_branches": [], "missing_branches": [], "functions": {"SessionManager.__init__": {"executed_lines": [], "summary": {"covered_lines": 0, "num_statements": 0, "percent_covered": 100.0, "percent_covered_display": "100.00", "missing_lines": 0, "excluded_lines": 2, "num_branches": 0, "num_partial_branches": 0, "covered_branches": 0, "missing_branches": 0}, "missing_lines": [], "excluded_lines": [15, 16], "contexts": {}, "executed_branches": [], "missing_branches": []}, "SessionManager.get_session": {"executed_lines": [], "summary": {"covered_lines": 0, "num_statements": 0, "percent_covered": 100.0, "percent_covered_display": "100.00", "missing_lines": 0, "excluded_lines": 10, "num_branches": 0, "num_partial_branches": 0, "covered_branches": 0, "missing_branches": 0}, "missing_lines": [], "excluded_lines": [20, 21, 22, 23, 24, 25, 26, 27, 28, 29], "contexts": {}, "executed_branches": [], "missing_branches": []}, "SessionManager.get_session_no_commit": {"executed_lines": [], "summary": {"covered_lines": 0, "num_statements": 0, "percent_covered": 100.0, "percent_covered_display": "100.00", "missing_lines": 0, "excluded_lines": 6, "num_branches": 0, "num_partial_branches": 0, "covered_branches": 0, "missing_branches": 0}, "missing_lines": [], "excluded_lines": [33, 34, 35, 36, 37, 38], "contexts": {}, "executed_branches": [], "missing_branches": []}, "SessionManager.create_session": {"executed_lines": [], "summary": {"covered_lines": 0, "num_statements": 0, "percent_covered": 100.0, "percent_covered_display": "100.00", "missing_lines": 0, "excluded_lines": 2, "num_branches": 0, "num_partial_branches": 0, "covered_branches": 0, "missing_branches": 0}, "missing_lines": [], "excluded_lines": [41, 42], "contexts": {}, "executed_branches": [], "missing_branches": []}, "SessionManager.health_check": {"executed_lines": [], "summary": {"covered_lines": 0, "num_statements": 0, "percent_covered": 100.0, "percent_covered_display": "100.00", "missing_lines": 0, "excluded_lines": 2, "num_branches": 0, "num_partial_branches": 0, "covered_branches": 0, "missing_branches": 0}, "missing_lines": [], "excluded_lines": [45, 46], "contexts": {}, "executed_branches": [], "missing_branches": []}, "SessionManager.close_all_sessions": {"executed_lines": [], "summary": {"covered_lines": 0, "num_statements": 0, "percent_covered": 100.0, "percent_covered_display": "100.00", "missing_lines": 0, "excluded_lines": 2, "num_branches": 0, "num_partial_branches": 0, "covered_branches": 0, "missing_branches": 0}, "missing_lines": [], "excluded_lines": [49, 50], "contexts": {}, "executed_branches": [], "missing_branches": []}, "SessionManager.dispose_engine": {"executed_lines": [], "summary": {"covered_lines": 0, "num_statements": 0, "percent_covered": 100.0, "percent_covered_display": "100.00", "missing_lines": 0, "excluded_lines": 2, "num_branches": 0, "num_partial_branches": 0, "covered_branches": 0, "missing_branches": 0}, "missing_lines": [], "excluded_lines": [53, 54], "contexts": {}, "executed_branches": [], "missing_branches": []}, "get_session_manager": {"executed_lines": [], "summary": {"covered_lines": 0, "num_statements": 0, "percent_covered": 100.0, "percent_covered_display": "100.00", "missing_lines": 0, "excluded_lines": 5, "num_branches": 0, "num_partial_branches": 0, "covered_branches": 0, "missing_branches": 0}, "missing_lines": [], "excluded_lines": [61, 62, 63, 64, 65], "contexts": {}, "executed_branches": [], "missing_branches": []}, "": {"executed_lines": [], "summary": {"covered_lines": 0, "num_statements": 0, "percent_covered": 100.0, "percent_covered_display": "100.00", "missing_lines": 0, "excluded_lines": 26, "num_branches": 0, "num_partial_branches": 0, "covered_branches": 0, "missing_branches": 0}, "missing_lines": [], "excluded_lines": [1, 3, 4, 6, 8, 11, 12, 13, 14, 17, 18, 19, 30, 31, 32, 39, 40, 43, 44, 47, 48, 51, 52, 57, 58, 60], "contexts": {}, "executed_branches": [], "missing_branches": []}}, "classes": {"SessionManager": {"executed_lines": [], "summary": {"covered_lines": 0, "num_statements": 0, "percent_covered": 100.0, "percent_covered_display": "100.00", "missing_lines": 0, "excluded_lines": 26, "num_branches": 0, "num_partial_branches": 0, "covered_branches": 0, "missing_branches": 0}, "missing_lines": [], "excluded_lines": [15, 16, 20, 21, 22, 23, 24, 25, 26, 27, 28, 29, 33, 34, 35, 36, 37, 38, 41, 42, 45, 46, 49, 50, 53, 54], "contexts": {}, "executed_branches": [], "missing_branches": []}, "": {"executed_lines": [], "summary": {"covered_lines": 0, "num_statements": 0, "percent_covered": 100.0, "percent_covered_display": "100.00", "missing_lines": 0, "excluded_lines": 31, "num_branches": 0, "num_partial_branches": 0, "covered_branches": 0, "missing_branches": 0}, "missing_lines": [], "excluded_lines": [1, 3, 4, 6, 8, 11, 12, 13, 14, 17, 18, 19, 30, 31, 32, 39, 40, 43, 44, 47, 48, 51, 52, 57, 58, 60, 61, 62, 63, 64, 65], "contexts": {}, "executed_branches": [], "missing_branches": []}}}}, "totals": {"covered_lines": 0, "num_statements": 0, "percent_covered": 100.0, "percent_covered_display": "100.00", "missing_lines": 0, "excluded_lines": 4203, "num_branches": 0, "num_partial_branches": 0, "covered_branches": 0, "missing_branches": 0}}